GAS LISTING /tmp/cctZ2GKG.s 			page 1


   1               		.file	"ucos_ii.c"
   2               	__SREG__ = 0x3f
   3               	__SP_H__ = 0x3e
   4               	__SP_L__ = 0x3d
   5               	__CCP__  = 0x34
   6               	__tmp_reg__ = 0
   7               	__zero_reg__ = 1
   8               		.global __do_copy_data
   9               		.global __do_clear_bss
  10               		.text
  11               	.global	OSIntEnter
  12               		.type	OSIntEnter, @function
  13               	OSIntEnter:
  14               	/* prologue: function */
  15               	/* frame size = 0 */
  16 0000 8091 0000 		lds r24,OSRunning
  17 0004 8130      		cpi r24,lo8(1)
  18 0006 01F0      		breq .L5
  19               	.L3:
  20 0008 0895      		ret
  21               	.L5:
  22 000a 8091 0000 		lds r24,OSIntNesting
  23 000e 8F3F      		cpi r24,lo8(-1)
  24 0010 01F0      		breq .L3
  25 0012 8F5F      		subi r24,lo8(-(1))
  26 0014 8093 0000 		sts OSIntNesting,r24
  27 0018 0895      		ret
  28               		.size	OSIntEnter, .-OSIntEnter
  29               	.global	OSSchedLock
  30               		.type	OSSchedLock, @function
  31               	OSSchedLock:
  32               	/* prologue: function */
  33               	/* frame size = 0 */
  34 001a 8091 0000 		lds r24,OSRunning
  35 001e 8130      		cpi r24,lo8(1)
  36 0020 01F0      		breq .L10
  37 0022 0895      		ret
  38               	.L10:
  39               	/* #APP */
  40               	 ;  222 "/home/linuxusers/ucos-II/software/uCOS-II/Source/os_core.c" 1
  41 0024 F894      		cli
  42               	 ;  0 "" 2
  43               	/* #NOAPP */
  44 0026 8091 0000 		lds r24,OSLockNesting
  45 002a 8F3F      		cpi r24,lo8(-1)
  46 002c 01F0      		breq .L8
  47 002e 8F5F      		subi r24,lo8(-(1))
  48 0030 8093 0000 		sts OSLockNesting,r24
  49               	.L8:
  50               	/* #APP */
  51               	 ;  226 "/home/linuxusers/ucos-II/software/uCOS-II/Source/os_core.c" 1
  52 0034 7894      		sei
  53               	 ;  0 "" 2
  54               	/* #NOAPP */
  55 0036 0895      		ret
  56               		.size	OSSchedLock, .-OSSchedLock
  57               	.global	OSVersion
GAS LISTING /tmp/cctZ2GKG.s 			page 2


  58               		.type	OSVersion, @function
  59               	OSVersion:
  60               	/* prologue: function */
  61               	/* frame size = 0 */
  62 0038 8CEF      		ldi r24,lo8(252)
  63 003a 90E0      		ldi r25,hi8(252)
  64               	/* epilogue start */
  65 003c 0895      		ret
  66               		.size	OSVersion, .-OSVersion
  67               	.global	OS_Dummy
  68               		.type	OS_Dummy, @function
  69               	OS_Dummy:
  70               	/* prologue: function */
  71               	/* frame size = 0 */
  72               	/* epilogue start */
  73 003e 0895      		ret
  74               		.size	OS_Dummy, .-OS_Dummy
  75               	.global	OS_EventTaskRdy
  76               		.type	OS_EventTaskRdy, @function
  77               	OS_EventTaskRdy:
  78 0040 1F93      		push r17
  79 0042 CF93      		push r28
  80 0044 DF93      		push r29
  81               	/* prologue: function */
  82               	/* frame size = 0 */
  83 0046 EC01      		movw r28,r24
  84 0048 142F      		mov r17,r20
  85 004a 3981      		ldd r19,Y+1
  86 004c E32F      		mov r30,r19
  87 004e F0E0      		ldi r31,lo8(0)
  88 0050 E050      		subi r30,lo8(-(OSUnMapTbl))
  89 0052 F040      		sbci r31,hi8(-(OSUnMapTbl))
  90 0054 2081      		ld r18,Z
  91 0056 622F      		mov r22,r18
  92 0058 70E0      		ldi r23,lo8(0)
  93 005a FB01      		movw r30,r22
  94 005c E050      		subi r30,lo8(-(OSMapTbl))
  95 005e F040      		sbci r31,hi8(-(OSMapTbl))
  96 0060 4081      		ld r20,Z
  97 0062 DC01      		movw r26,r24
  98 0064 A60F      		add r26,r22
  99 0066 B71F      		adc r27,r23
 100 0068 1696      		adiw r26,6
 101 006a 9C91      		ld r25,X
 102 006c 1697      		sbiw r26,6
 103 006e E92F      		mov r30,r25
 104 0070 F0E0      		ldi r31,lo8(0)
 105 0072 E050      		subi r30,lo8(-(OSUnMapTbl))
 106 0074 F040      		sbci r31,hi8(-(OSUnMapTbl))
 107 0076 8081      		ld r24,Z
 108 0078 E82F      		mov r30,r24
 109 007a F0E0      		ldi r31,lo8(0)
 110 007c E050      		subi r30,lo8(-(OSMapTbl))
 111 007e F040      		sbci r31,hi8(-(OSMapTbl))
 112 0080 5081      		ld r21,Z
 113 0082 220F      		lsl r18
 114 0084 220F      		lsl r18
GAS LISTING /tmp/cctZ2GKG.s 			page 3


 115 0086 220F      		lsl r18
 116 0088 280F      		add r18,r24
 117 008a 852F      		mov r24,r21
 118 008c 8095      		com r24
 119 008e 8923      		and r24,r25
 120 0090 1696      		adiw r26,6
 121 0092 8C93      		st X,r24
 122 0094 8823      		tst r24
 123 0096 01F4      		brne .L16
 124 0098 842F      		mov r24,r20
 125 009a 8095      		com r24
 126 009c 3823      		and r19,r24
 127 009e 3983      		std Y+1,r19
 128               	.L16:
 129 00a0 E22F      		mov r30,r18
 130 00a2 F0E0      		ldi r31,lo8(0)
 131 00a4 EE0F      		lsl r30
 132 00a6 FF1F      		rol r31
 133 00a8 E050      		subi r30,lo8(-(OSTCBPrioTbl))
 134 00aa F040      		sbci r31,hi8(-(OSTCBPrioTbl))
 135 00ac 0190      		ld __tmp_reg__,Z+
 136 00ae F081      		ld r31,Z
 137 00b0 E02D      		mov r30,__tmp_reg__
 138 00b2 1186      		std Z+9,__zero_reg__
 139 00b4 1086      		std Z+8,__zero_reg__
 140 00b6 1782      		std Z+7,__zero_reg__
 141 00b8 1682      		std Z+6,__zero_reg__
 142 00ba 812F      		mov r24,r17
 143 00bc 8095      		com r24
 144 00be 9285      		ldd r25,Z+10
 145 00c0 8923      		and r24,r25
 146 00c2 8287      		std Z+10,r24
 147 00c4 8823      		tst r24
 148 00c6 01F4      		brne .L17
 149 00c8 8091 0000 		lds r24,OSRdyGrp
 150 00cc 842B      		or r24,r20
 151 00ce 8093 0000 		sts OSRdyGrp,r24
 152 00d2 FB01      		movw r30,r22
 153 00d4 E050      		subi r30,lo8(-(OSRdyTbl))
 154 00d6 F040      		sbci r31,hi8(-(OSRdyTbl))
 155 00d8 8081      		ld r24,Z
 156 00da 582B      		or r21,r24
 157 00dc 5083      		st Z,r21
 158               	.L17:
 159 00de 822F      		mov r24,r18
 160               	/* epilogue start */
 161 00e0 DF91      		pop r29
 162 00e2 CF91      		pop r28
 163 00e4 1F91      		pop r17
 164 00e6 0895      		ret
 165               		.size	OS_EventTaskRdy, .-OS_EventTaskRdy
 166               	.global	OS_EventTaskWait
 167               		.type	OS_EventTaskWait, @function
 168               	OS_EventTaskWait:
 169 00e8 CF93      		push r28
 170 00ea DF93      		push r29
 171               	/* prologue: function */
GAS LISTING /tmp/cctZ2GKG.s 			page 4


 172               	/* frame size = 0 */
 173 00ec EC01      		movw r28,r24
 174 00ee A091 0000 		lds r26,OSTCBCur
 175 00f2 B091 0000 		lds r27,(OSTCBCur)+1
 176 00f6 1796      		adiw r26,6+1
 177 00f8 9C93      		st X,r25
 178 00fa 8E93      		st -X,r24
 179 00fc 1697      		sbiw r26,6
 180 00fe 1D96      		adiw r26,13
 181 0100 8C91      		ld r24,X
 182 0102 1D97      		sbiw r26,13
 183 0104 482F      		mov r20,r24
 184 0106 50E0      		ldi r21,lo8(0)
 185 0108 1E96      		adiw r26,14
 186 010a 3C91      		ld r19,X
 187 010c 1E97      		sbiw r26,14
 188 010e FA01      		movw r30,r20
 189 0110 E050      		subi r30,lo8(-(OSRdyTbl))
 190 0112 F040      		sbci r31,hi8(-(OSRdyTbl))
 191 0114 832F      		mov r24,r19
 192 0116 8095      		com r24
 193 0118 9081      		ld r25,Z
 194 011a 8923      		and r24,r25
 195 011c 8083      		st Z,r24
 196 011e 8823      		tst r24
 197 0120 01F4      		brne .L23
 198 0122 1F96      		adiw r26,15
 199 0124 2C91      		ld r18,X
 200 0126 922F      		mov r25,r18
 201 0128 9095      		com r25
 202 012a 8091 0000 		lds r24,OSRdyGrp
 203 012e 8923      		and r24,r25
 204 0130 8093 0000 		sts OSRdyGrp,r24
 205               	.L21:
 206 0134 FE01      		movw r30,r28
 207 0136 E40F      		add r30,r20
 208 0138 F51F      		adc r31,r21
 209 013a 8681      		ldd r24,Z+6
 210 013c 832B      		or r24,r19
 211 013e 8683      		std Z+6,r24
 212 0140 8981      		ldd r24,Y+1
 213 0142 822B      		or r24,r18
 214 0144 8983      		std Y+1,r24
 215               	/* epilogue start */
 216 0146 DF91      		pop r29
 217 0148 CF91      		pop r28
 218 014a 0895      		ret
 219               	.L23:
 220 014c 1F96      		adiw r26,15
 221 014e 2C91      		ld r18,X
 222 0150 00C0      		rjmp .L21
 223               		.size	OS_EventTaskWait, .-OS_EventTaskWait
 224               	.global	OS_EventTO
 225               		.type	OS_EventTO, @function
 226               	OS_EventTO:
 227 0152 CF93      		push r28
 228 0154 DF93      		push r29
GAS LISTING /tmp/cctZ2GKG.s 			page 5


 229               	/* prologue: function */
 230               	/* frame size = 0 */
 231 0156 EC01      		movw r28,r24
 232 0158 A091 0000 		lds r26,OSTCBCur
 233 015c B091 0000 		lds r27,(OSTCBCur)+1
 234 0160 1D96      		adiw r26,13
 235 0162 8C91      		ld r24,X
 236 0164 1D97      		sbiw r26,13
 237 0166 FE01      		movw r30,r28
 238 0168 E80F      		add r30,r24
 239 016a F11D      		adc r31,__zero_reg__
 240 016c 1E96      		adiw r26,14
 241 016e 8C91      		ld r24,X
 242 0170 1E97      		sbiw r26,14
 243 0172 8095      		com r24
 244 0174 9681      		ldd r25,Z+6
 245 0176 8923      		and r24,r25
 246 0178 8683      		std Z+6,r24
 247 017a 8823      		tst r24
 248 017c 01F4      		brne .L25
 249 017e 1F96      		adiw r26,15
 250 0180 9C91      		ld r25,X
 251 0182 1F97      		sbiw r26,15
 252 0184 9095      		com r25
 253 0186 8981      		ldd r24,Y+1
 254 0188 8923      		and r24,r25
 255 018a 8983      		std Y+1,r24
 256               	.L25:
 257 018c 1A96      		adiw r26,10
 258 018e 1C92      		st X,__zero_reg__
 259 0190 1A97      		sbiw r26,10
 260 0192 1796      		adiw r26,6+1
 261 0194 1C92      		st X,__zero_reg__
 262 0196 1E92      		st -X,__zero_reg__
 263 0198 1697      		sbiw r26,6
 264               	/* epilogue start */
 265 019a DF91      		pop r29
 266 019c CF91      		pop r28
 267 019e 0895      		ret
 268               		.size	OS_EventTO, .-OS_EventTO
 269               	.global	OS_EventWaitListInit
 270               		.type	OS_EventWaitListInit, @function
 271               	OS_EventWaitListInit:
 272               	/* prologue: function */
 273               	/* frame size = 0 */
 274 01a0 FC01      		movw r30,r24
 275 01a2 1182      		std Z+1,__zero_reg__
 276 01a4 1682      		std Z+6,__zero_reg__
 277 01a6 1782      		std Z+7,__zero_reg__
 278               	/* epilogue start */
 279 01a8 0895      		ret
 280               		.size	OS_EventWaitListInit, .-OS_EventWaitListInit
 281               	.global	OSSemCreate
 282               		.type	OSSemCreate, @function
 283               	OSSemCreate:
 284               	/* prologue: function */
 285               	/* frame size = 0 */
GAS LISTING /tmp/cctZ2GKG.s 			page 6


 286 01aa 9C01      		movw r18,r24
 287 01ac 8091 0000 		lds r24,OSIntNesting
 288 01b0 8823      		tst r24
 289 01b2 01F4      		brne .L34
 290               	/* #APP */
 291               	 ;  94 "/home/linuxusers/ucos-II/software/uCOS-II/Source/os_sem.c" 1
 292 01b4 F894      		cli
 293               	 ;  0 "" 2
 294               	/* #NOAPP */
 295 01b6 E091 0000 		lds r30,OSEventFreeList
 296 01ba F091 0000 		lds r31,(OSEventFreeList)+1
 297 01be 3097      		sbiw r30,0
 298 01c0 01F0      		breq .L32
 299 01c2 8481      		ldd r24,Z+4
 300 01c4 9581      		ldd r25,Z+5
 301 01c6 9093 0000 		sts (OSEventFreeList)+1,r25
 302 01ca 8093 0000 		sts OSEventFreeList,r24
 303               	.L32:
 304               	/* #APP */
 305               	 ;  99 "/home/linuxusers/ucos-II/software/uCOS-II/Source/os_sem.c" 1
 306 01ce 7894      		sei
 307               	 ;  0 "" 2
 308               	/* #NOAPP */
 309 01d0 3097      		sbiw r30,0
 310 01d2 01F0      		breq .L31
 311 01d4 83E0      		ldi r24,lo8(3)
 312 01d6 8083      		st Z,r24
 313 01d8 3383      		std Z+3,r19
 314 01da 2283      		std Z+2,r18
 315 01dc 1582      		std Z+5,__zero_reg__
 316 01de 1482      		std Z+4,__zero_reg__
 317 01e0 1182      		std Z+1,__zero_reg__
 318 01e2 1682      		std Z+6,__zero_reg__
 319 01e4 1782      		std Z+7,__zero_reg__
 320               	.L31:
 321 01e6 CF01      		movw r24,r30
 322               	/* epilogue start */
 323 01e8 0895      		ret
 324               	.L34:
 325 01ea E0E0      		ldi r30,lo8(0)
 326 01ec F0E0      		ldi r31,hi8(0)
 327 01ee CF01      		movw r24,r30
 328 01f0 0895      		ret
 329               		.size	OSSemCreate, .-OSSemCreate
 330               	.global	OSTaskDelReq
 331               		.type	OSTaskDelReq, @function
 332               	OSTaskDelReq:
 333               	/* prologue: function */
 334               	/* frame size = 0 */
 335 01f2 8F3F      		cpi r24,lo8(-1)
 336 01f4 01F0      		breq .L41
 337               	/* #APP */
 338               	 ;  510 "/home/linuxusers/ucos-II/software/uCOS-II/Source/os_task.c" 1
 339 01f6 F894      		cli
 340               	 ;  0 "" 2
 341               	/* #NOAPP */
 342 01f8 E82F      		mov r30,r24
GAS LISTING /tmp/cctZ2GKG.s 			page 7


 343 01fa F0E0      		ldi r31,lo8(0)
 344 01fc EE0F      		lsl r30
 345 01fe FF1F      		rol r31
 346 0200 E050      		subi r30,lo8(-(OSTCBPrioTbl))
 347 0202 F040      		sbci r31,hi8(-(OSTCBPrioTbl))
 348 0204 0190      		ld __tmp_reg__,Z+
 349 0206 F081      		ld r31,Z
 350 0208 E02D      		mov r30,__tmp_reg__
 351 020a 3097      		sbiw r30,0
 352 020c 01F0      		breq .L42
 353 020e 8EE3      		ldi r24,lo8(62)
 354 0210 808B      		std Z+16,r24
 355 0212 80E0      		ldi r24,lo8(0)
 356               	/* #APP */
 357               	 ;  518 "/home/linuxusers/ucos-II/software/uCOS-II/Source/os_task.c" 1
 358 0214 7894      		sei
 359               	 ;  0 "" 2
 360               	/* #NOAPP */
 361 0216 0895      		ret
 362               	.L41:
 363               	/* #APP */
 364               	 ;  505 "/home/linuxusers/ucos-II/software/uCOS-II/Source/os_task.c" 1
 365 0218 F894      		cli
 366               	 ;  0 "" 2
 367               	/* #NOAPP */
 368 021a E091 0000 		lds r30,OSTCBCur
 369 021e F091 0000 		lds r31,(OSTCBCur)+1
 370 0222 8089      		ldd r24,Z+16
 371               	/* #APP */
 372               	 ;  507 "/home/linuxusers/ucos-II/software/uCOS-II/Source/os_task.c" 1
 373 0224 7894      		sei
 374               	 ;  0 "" 2
 375               	/* #NOAPP */
 376 0226 0895      		ret
 377               	.L42:
 378 0228 8BE0      		ldi r24,lo8(11)
 379               	/* #APP */
 380               	 ;  518 "/home/linuxusers/ucos-II/software/uCOS-II/Source/os_task.c" 1
 381 022a 7894      		sei
 382               	 ;  0 "" 2
 383               	/* #NOAPP */
 384 022c 0895      		ret
 385               		.size	OSTaskDelReq, .-OSTaskDelReq
 386               	.global	OS_TCBInit
 387               		.type	OS_TCBInit, @function
 388               	OS_TCBInit:
 389 022e 1F93      		push r17
 390 0230 CF93      		push r28
 391 0232 DF93      		push r29
 392               	/* prologue: function */
 393               	/* frame size = 0 */
 394 0234 182F      		mov r17,r24
 395               	/* #APP */
 396               	 ;  1043 "/home/linuxusers/ucos-II/software/uCOS-II/Source/os_core.c" 1
 397 0236 F894      		cli
 398               	 ;  0 "" 2
 399               	/* #NOAPP */
GAS LISTING /tmp/cctZ2GKG.s 			page 8


 400 0238 C091 0000 		lds r28,OSTCBFreeList
 401 023c D091 0000 		lds r29,(OSTCBFreeList)+1
 402 0240 2097      		sbiw r28,0
 403 0242 01F4      		brne .+2
 404 0244 00C0      		rjmp .L44
 405 0246 8A81      		ldd r24,Y+2
 406 0248 9B81      		ldd r25,Y+3
 407 024a 9093 0000 		sts (OSTCBFreeList)+1,r25
 408 024e 8093 0000 		sts OSTCBFreeList,r24
 409               	/* #APP */
 410               	 ;  1047 "/home/linuxusers/ucos-II/software/uCOS-II/Source/os_core.c" 1
 411 0252 7894      		sei
 412               	 ;  0 "" 2
 413               	/* #NOAPP */
 414 0254 7983      		std Y+1,r23
 415 0256 6883      		st Y,r22
 416 0258 1B87      		std Y+11,r17
 417 025a 1A86      		std Y+10,__zero_reg__
 418 025c 1986      		std Y+9,__zero_reg__
 419 025e 1886      		std Y+8,__zero_reg__
 420 0260 188A      		std Y+16,__zero_reg__
 421 0262 E12F      		mov r30,r17
 422 0264 E695      		lsr r30
 423 0266 E695      		lsr r30
 424 0268 E695      		lsr r30
 425 026a ED87      		std Y+13,r30
 426 026c F0E0      		ldi r31,lo8(0)
 427 026e E050      		subi r30,lo8(-(OSMapTbl))
 428 0270 F040      		sbci r31,hi8(-(OSMapTbl))
 429 0272 8081      		ld r24,Z
 430 0274 8F87      		std Y+15,r24
 431 0276 E12F      		mov r30,r17
 432 0278 E770      		andi r30,lo8(7)
 433 027a EC87      		std Y+12,r30
 434 027c F0E0      		ldi r31,lo8(0)
 435 027e E050      		subi r30,lo8(-(OSMapTbl))
 436 0280 F040      		sbci r31,hi8(-(OSMapTbl))
 437 0282 8081      		ld r24,Z
 438 0284 8E87      		std Y+14,r24
 439 0286 1F82      		std Y+7,__zero_reg__
 440 0288 1E82      		std Y+6,__zero_reg__
 441 028a CE01      		movw r24,r28
 442 028c 0E94 0000 		call OSTCBInitHook
 443 0290 CE01      		movw r24,r28
 444 0292 0E94 0000 		call OSTaskCreateHook
 445               	/* #APP */
 446               	 ;  1094 "/home/linuxusers/ucos-II/software/uCOS-II/Source/os_core.c" 1
 447 0296 F894      		cli
 448               	 ;  0 "" 2
 449               	/* #NOAPP */
 450 0298 E12F      		mov r30,r17
 451 029a F0E0      		ldi r31,lo8(0)
 452 029c EE0F      		lsl r30
 453 029e FF1F      		rol r31
 454 02a0 E050      		subi r30,lo8(-(OSTCBPrioTbl))
 455 02a2 F040      		sbci r31,hi8(-(OSTCBPrioTbl))
 456 02a4 D183      		std Z+1,r29
GAS LISTING /tmp/cctZ2GKG.s 			page 9


 457 02a6 C083      		st Z,r28
 458 02a8 E091 0000 		lds r30,OSTCBList
 459 02ac F091 0000 		lds r31,(OSTCBList)+1
 460 02b0 FB83      		std Y+3,r31
 461 02b2 EA83      		std Y+2,r30
 462 02b4 1D82      		std Y+5,__zero_reg__
 463 02b6 1C82      		std Y+4,__zero_reg__
 464 02b8 3097      		sbiw r30,0
 465 02ba 01F0      		breq .L45
 466 02bc D583      		std Z+5,r29
 467 02be C483      		std Z+4,r28
 468               	.L45:
 469 02c0 D093 0000 		sts (OSTCBList)+1,r29
 470 02c4 C093 0000 		sts OSTCBList,r28
 471 02c8 8091 0000 		lds r24,OSRdyGrp
 472 02cc 9F85      		ldd r25,Y+15
 473 02ce 892B      		or r24,r25
 474 02d0 8093 0000 		sts OSRdyGrp,r24
 475 02d4 ED85      		ldd r30,Y+13
 476 02d6 F0E0      		ldi r31,lo8(0)
 477 02d8 E050      		subi r30,lo8(-(OSRdyTbl))
 478 02da F040      		sbci r31,hi8(-(OSRdyTbl))
 479 02dc 8081      		ld r24,Z
 480 02de 9E85      		ldd r25,Y+14
 481 02e0 892B      		or r24,r25
 482 02e2 8083      		st Z,r24
 483               	/* #APP */
 484               	 ;  1104 "/home/linuxusers/ucos-II/software/uCOS-II/Source/os_core.c" 1
 485 02e4 7894      		sei
 486               	 ;  0 "" 2
 487               	/* #NOAPP */
 488 02e6 80E0      		ldi r24,lo8(0)
 489               	/* epilogue start */
 490 02e8 DF91      		pop r29
 491 02ea CF91      		pop r28
 492 02ec 1F91      		pop r17
 493 02ee 0895      		ret
 494               	.L44:
 495               	/* #APP */
 496               	 ;  1107 "/home/linuxusers/ucos-II/software/uCOS-II/Source/os_core.c" 1
 497 02f0 7894      		sei
 498               	 ;  0 "" 2
 499               	/* #NOAPP */
 500 02f2 86E4      		ldi r24,lo8(70)
 501 02f4 DF91      		pop r29
 502 02f6 CF91      		pop r28
 503 02f8 1F91      		pop r17
 504 02fa 0895      		ret
 505               		.size	OS_TCBInit, .-OS_TCBInit
 506               	.global	OS_TaskIdle
 507               		.type	OS_TaskIdle, @function
 508               	OS_TaskIdle:
 509               	/* prologue: function */
 510               	/* frame size = 0 */
 511               	.L49:
 512               	/* #APP */
 513               	 ;  920 "/home/linuxusers/ucos-II/software/uCOS-II/Source/os_core.c" 1
GAS LISTING /tmp/cctZ2GKG.s 			page 10


 514 02fc F894      		cli
 515               	 ;  0 "" 2
 516               	/* #NOAPP */
 517 02fe 8091 0000 		lds r24,OSIdleCtr
 518 0302 9091 0000 		lds r25,(OSIdleCtr)+1
 519 0306 A091 0000 		lds r26,(OSIdleCtr)+2
 520 030a B091 0000 		lds r27,(OSIdleCtr)+3
 521 030e 0196      		adiw r24,1
 522 0310 A11D      		adc r26,__zero_reg__
 523 0312 B11D      		adc r27,__zero_reg__
 524 0314 8093 0000 		sts OSIdleCtr,r24
 525 0318 9093 0000 		sts (OSIdleCtr)+1,r25
 526 031c A093 0000 		sts (OSIdleCtr)+2,r26
 527 0320 B093 0000 		sts (OSIdleCtr)+3,r27
 528               	/* #APP */
 529               	 ;  922 "/home/linuxusers/ucos-II/software/uCOS-II/Source/os_core.c" 1
 530 0324 7894      		sei
 531               	 ;  0 "" 2
 532               	/* #NOAPP */
 533 0326 0E94 0000 		call OSTaskIdleHook
 534 032a 00C0      		rjmp .L49
 535               		.size	OS_TaskIdle, .-OS_TaskIdle
 536               	.global	OS_Sched
 537               		.type	OS_Sched, @function
 538               	OS_Sched:
 539               	/* prologue: function */
 540               	/* frame size = 0 */
 541               	/* #APP */
 542               	 ;  877 "/home/linuxusers/ucos-II/software/uCOS-II/Source/os_core.c" 1
 543 032c F894      		cli
 544               	 ;  0 "" 2
 545               	/* #NOAPP */
 546 032e 8091 0000 		lds r24,OSIntNesting
 547 0332 8823      		tst r24
 548 0334 01F0      		breq .+2
 549 0336 00C0      		rjmp .L52
 550 0338 8091 0000 		lds r24,OSLockNesting
 551 033c 8823      		tst r24
 552 033e 01F4      		brne .L52
 553 0340 E091 0000 		lds r30,OSRdyGrp
 554 0344 F0E0      		ldi r31,lo8(0)
 555 0346 E050      		subi r30,lo8(-(OSUnMapTbl))
 556 0348 F040      		sbci r31,hi8(-(OSUnMapTbl))
 557 034a 8081      		ld r24,Z
 558 034c E82F      		mov r30,r24
 559 034e F0E0      		ldi r31,lo8(0)
 560 0350 E050      		subi r30,lo8(-(OSRdyTbl))
 561 0352 F040      		sbci r31,hi8(-(OSRdyTbl))
 562 0354 E081      		ld r30,Z
 563 0356 F0E0      		ldi r31,lo8(0)
 564 0358 E050      		subi r30,lo8(-(OSUnMapTbl))
 565 035a F040      		sbci r31,hi8(-(OSUnMapTbl))
 566 035c 982F      		mov r25,r24
 567 035e 990F      		lsl r25
 568 0360 990F      		lsl r25
 569 0362 990F      		lsl r25
 570 0364 8081      		ld r24,Z
GAS LISTING /tmp/cctZ2GKG.s 			page 11


 571 0366 980F      		add r25,r24
 572 0368 9093 0000 		sts OSPrioHighRdy,r25
 573 036c 8091 0000 		lds r24,OSPrioCur
 574 0370 9817      		cp r25,r24
 575 0372 01F0      		breq .L52
 576 0374 E92F      		mov r30,r25
 577 0376 F0E0      		ldi r31,lo8(0)
 578 0378 EE0F      		lsl r30
 579 037a FF1F      		rol r31
 580 037c E050      		subi r30,lo8(-(OSTCBPrioTbl))
 581 037e F040      		sbci r31,hi8(-(OSTCBPrioTbl))
 582 0380 8081      		ld r24,Z
 583 0382 9181      		ldd r25,Z+1
 584 0384 9093 0000 		sts (OSTCBHighRdy)+1,r25
 585 0388 8093 0000 		sts OSTCBHighRdy,r24
 586 038c 8091 0000 		lds r24,OSCtxSwCtr
 587 0390 9091 0000 		lds r25,(OSCtxSwCtr)+1
 588 0394 A091 0000 		lds r26,(OSCtxSwCtr)+2
 589 0398 B091 0000 		lds r27,(OSCtxSwCtr)+3
 590 039c 0196      		adiw r24,1
 591 039e A11D      		adc r26,__zero_reg__
 592 03a0 B11D      		adc r27,__zero_reg__
 593 03a2 8093 0000 		sts OSCtxSwCtr,r24
 594 03a6 9093 0000 		sts (OSCtxSwCtr)+1,r25
 595 03aa A093 0000 		sts (OSCtxSwCtr)+2,r26
 596 03ae B093 0000 		sts (OSCtxSwCtr)+3,r27
 597 03b2 0E94 0000 		call OSCtxSw
 598               	.L52:
 599               	/* #APP */
 600               	 ;  887 "/home/linuxusers/ucos-II/software/uCOS-II/Source/os_core.c" 1
 601 03b6 7894      		sei
 602               	 ;  0 "" 2
 603               	/* epilogue start */
 604               	/* #NOAPP */
 605 03b8 0895      		ret
 606               		.size	OS_Sched, .-OS_Sched
 607               	.global	OSTimeDly
 608               		.type	OSTimeDly, @function
 609               	OSTimeDly:
 610               	/* prologue: function */
 611               	/* frame size = 0 */
 612 03ba 9C01      		movw r18,r24
 613 03bc 0097      		sbiw r24,0
 614 03be 01F0      		breq .L57
 615               	/* #APP */
 616               	 ;  43 "/home/linuxusers/ucos-II/software/uCOS-II/Source/os_time.c" 1
 617 03c0 F894      		cli
 618               	 ;  0 "" 2
 619               	/* #NOAPP */
 620 03c2 A091 0000 		lds r26,OSTCBCur
 621 03c6 B091 0000 		lds r27,(OSTCBCur)+1
 622 03ca 1D96      		adiw r26,13
 623 03cc EC91      		ld r30,X
 624 03ce 1D97      		sbiw r26,13
 625 03d0 F0E0      		ldi r31,lo8(0)
 626 03d2 E050      		subi r30,lo8(-(OSRdyTbl))
 627 03d4 F040      		sbci r31,hi8(-(OSRdyTbl))
GAS LISTING /tmp/cctZ2GKG.s 			page 12


 628 03d6 1E96      		adiw r26,14
 629 03d8 8C91      		ld r24,X
 630 03da 1E97      		sbiw r26,14
 631 03dc 8095      		com r24
 632 03de 9081      		ld r25,Z
 633 03e0 8923      		and r24,r25
 634 03e2 8083      		st Z,r24
 635 03e4 8823      		tst r24
 636 03e6 01F4      		brne .L56
 637 03e8 1F96      		adiw r26,15
 638 03ea 9C91      		ld r25,X
 639 03ec 1F97      		sbiw r26,15
 640 03ee 9095      		com r25
 641 03f0 8091 0000 		lds r24,OSRdyGrp
 642 03f4 8923      		and r24,r25
 643 03f6 8093 0000 		sts OSRdyGrp,r24
 644               	.L56:
 645 03fa 1996      		adiw r26,8+1
 646 03fc 3C93      		st X,r19
 647 03fe 2E93      		st -X,r18
 648 0400 1897      		sbiw r26,8
 649               	/* #APP */
 650               	 ;  48 "/home/linuxusers/ucos-II/software/uCOS-II/Source/os_time.c" 1
 651 0402 7894      		sei
 652               	 ;  0 "" 2
 653               	/* #NOAPP */
 654 0404 0E94 0000 		call OS_Sched
 655               	.L57:
 656 0408 0895      		ret
 657               		.size	OSTimeDly, .-OSTimeDly
 658               	.global	OSTimeDlyHMSM
 659               		.type	OSTimeDlyHMSM, @function
 660               	OSTimeDlyHMSM:
 661 040a 8F92      		push r8
 662 040c 9F92      		push r9
 663 040e AF92      		push r10
 664 0410 BF92      		push r11
 665 0412 CF92      		push r12
 666 0414 DF92      		push r13
 667 0416 EF92      		push r14
 668 0418 FF92      		push r15
 669 041a 0F93      		push r16
 670 041c 1F93      		push r17
 671 041e CF93      		push r28
 672 0420 DF93      		push r29
 673               	/* prologue: function */
 674               	/* frame size = 0 */
 675 0422 882E      		mov r8,r24
 676 0424 162F      		mov r17,r22
 677 0426 942E      		mov r9,r20
 678 0428 8823      		tst r24
 679 042a 01F0      		breq .L69
 680               	.L59:
 681 042c 1C33      		cpi r17,lo8(60)
 682 042e 00F4      		brsh .L70
 683               	.L60:
 684 0430 8BE3      		ldi r24,lo8(59)
GAS LISTING /tmp/cctZ2GKG.s 			page 13


 685 0432 8915      		cp r24,r9
 686 0434 00F0      		brlo .L71
 687               	.L61:
 688 0436 93E0      		ldi r25,hi8(1000)
 689 0438 283E      		cpi r18,lo8(1000)
 690 043a 3907      		cpc r19,r25
 691 043c 00F0      		brlo .L63
 692 043e 83E5      		ldi r24,lo8(83)
 693               	.L62:
 694               	/* epilogue start */
 695 0440 DF91      		pop r29
 696 0442 CF91      		pop r28
 697 0444 1F91      		pop r17
 698 0446 0F91      		pop r16
 699 0448 FF90      		pop r15
 700 044a EF90      		pop r14
 701 044c DF90      		pop r13
 702 044e CF90      		pop r12
 703 0450 BF90      		pop r11
 704 0452 AF90      		pop r10
 705 0454 9F90      		pop r9
 706 0456 8F90      		pop r8
 707 0458 0895      		ret
 708               	.L71:
 709 045a 82E5      		ldi r24,lo8(82)
 710 045c 00C0      		rjmp .L62
 711               	.L69:
 712 045e 6623      		tst r22
 713 0460 01F4      		brne .L59
 714 0462 4423      		tst r20
 715 0464 01F4      		brne .L60
 716 0466 2115      		cp r18,__zero_reg__
 717 0468 3105      		cpc r19,__zero_reg__
 718 046a 01F4      		brne .L61
 719 046c 84E5      		ldi r24,lo8(84)
 720 046e 00C0      		rjmp .L62
 721               	.L70:
 722 0470 81E5      		ldi r24,lo8(81)
 723 0472 00C0      		rjmp .L62
 724               	.L63:
 725 0474 B901      		movw r22,r18
 726 0476 80E0      		ldi r24,lo8(0)
 727 0478 90E0      		ldi r25,hi8(0)
 728 047a 22E3      		ldi r18,lo8(50)
 729 047c 30E0      		ldi r19,hi8(50)
 730 047e 40E0      		ldi r20,hlo8(50)
 731 0480 50E0      		ldi r21,hhi8(50)
 732 0482 0E94 0000 		call __mulsi3
 733 0486 6C50      		subi r22,lo8(-(500))
 734 0488 7E4F      		sbci r23,hi8(-(500))
 735 048a 8F4F      		sbci r24,hlo8(-(500))
 736 048c 9F4F      		sbci r25,hhi8(-(500))
 737 048e 28EE      		ldi r18,lo8(1000)
 738 0490 33E0      		ldi r19,hi8(1000)
 739 0492 40E0      		ldi r20,hlo8(1000)
 740 0494 50E0      		ldi r21,hhi8(1000)
 741 0496 0E94 0000 		call __udivmodsi4
GAS LISTING /tmp/cctZ2GKG.s 			page 14


 742 049a 5901      		movw r10,r18
 743 049c 6A01      		movw r12,r20
 744 049e 612F      		mov r22,r17
 745 04a0 70E0      		ldi r23,lo8(0)
 746 04a2 80E0      		ldi r24,lo8(0)
 747 04a4 90E0      		ldi r25,hi8(0)
 748 04a6 2CE3      		ldi r18,lo8(60)
 749 04a8 30E0      		ldi r19,hi8(60)
 750 04aa 40E0      		ldi r20,hlo8(60)
 751 04ac 50E0      		ldi r21,hhi8(60)
 752 04ae 0E94 0000 		call __mulsi3
 753 04b2 7B01      		movw r14,r22
 754 04b4 8C01      		movw r16,r24
 755 04b6 E90C      		add r14,r9
 756 04b8 F11C      		adc r15,__zero_reg__
 757 04ba 011D      		adc r16,__zero_reg__
 758 04bc 111D      		adc r17,__zero_reg__
 759 04be 682D      		mov r22,r8
 760 04c0 70E0      		ldi r23,lo8(0)
 761 04c2 80E0      		ldi r24,lo8(0)
 762 04c4 90E0      		ldi r25,hi8(0)
 763 04c6 20E1      		ldi r18,lo8(3600)
 764 04c8 3EE0      		ldi r19,hi8(3600)
 765 04ca 40E0      		ldi r20,hlo8(3600)
 766 04cc 50E0      		ldi r21,hhi8(3600)
 767 04ce 0E94 0000 		call __mulsi3
 768 04d2 E60E      		add r14,r22
 769 04d4 F71E      		adc r15,r23
 770 04d6 081F      		adc r16,r24
 771 04d8 191F      		adc r17,r25
 772 04da C801      		movw r24,r16
 773 04dc B701      		movw r22,r14
 774 04de 22E3      		ldi r18,lo8(50)
 775 04e0 30E0      		ldi r19,hi8(50)
 776 04e2 40E0      		ldi r20,hlo8(50)
 777 04e4 50E0      		ldi r21,hhi8(50)
 778 04e6 0E94 0000 		call __mulsi3
 779 04ea A60E      		add r10,r22
 780 04ec B71E      		adc r11,r23
 781 04ee C81E      		adc r12,r24
 782 04f0 D91E      		adc r13,r25
 783 04f2 7601      		movw r14,r12
 784 04f4 0027      		clr r16
 785 04f6 1127      		clr r17
 786 04f8 E701      		movw r28,r14
 787 04fa 8FEF      		ldi r24,lo8(65535)
 788 04fc 9FEF      		ldi r25,hi8(65535)
 789 04fe A0E0      		ldi r26,hlo8(65535)
 790 0500 B0E0      		ldi r27,hhi8(65535)
 791 0502 A822      		and r10,r24
 792 0504 B922      		and r11,r25
 793 0506 CA22      		and r12,r26
 794 0508 DB22      		and r13,r27
 795 050a C501      		movw r24,r10
 796 050c 0E94 0000 		call OSTimeDly
 797 0510 EF28      		or r14,r15
 798 0512 01F0      		breq .L64
GAS LISTING /tmp/cctZ2GKG.s 			page 15


 799               	.L67:
 800 0514 80E0      		ldi r24,lo8(-32768)
 801 0516 90E8      		ldi r25,hi8(-32768)
 802 0518 0E94 0000 		call OSTimeDly
 803 051c 80E0      		ldi r24,lo8(-32768)
 804 051e 90E8      		ldi r25,hi8(-32768)
 805 0520 0E94 0000 		call OSTimeDly
 806 0524 2197      		sbiw r28,1
 807 0526 01F4      		brne .L67
 808               	.L64:
 809 0528 80E0      		ldi r24,lo8(0)
 810 052a 00C0      		rjmp .L62
 811               		.size	OSTimeDlyHMSM, .-OSTimeDlyHMSM
 812               	.global	OS_TaskStat
 813               		.type	OS_TaskStat, @function
 814               	OS_TaskStat:
 815 052c DF92      		push r13
 816 052e EF92      		push r14
 817 0530 FF92      		push r15
 818 0532 0F93      		push r16
 819 0534 1F93      		push r17
 820               	/* prologue: function */
 821               	/* frame size = 0 */
 822 0536 8091 0000 		lds r24,OSStatRdy
 823 053a 8823      		tst r24
 824 053c 01F4      		brne .L73
 825               	.L80:
 826 053e 84E6      		ldi r24,lo8(100)
 827 0540 90E0      		ldi r25,hi8(100)
 828 0542 0E94 0000 		call OSTimeDly
 829 0546 8091 0000 		lds r24,OSStatRdy
 830 054a 8823      		tst r24
 831 054c 01F0      		breq .L80
 832               	.L73:
 833 054e 6091 0000 		lds r22,OSIdleCtrMax
 834 0552 7091 0000 		lds r23,(OSIdleCtrMax)+1
 835 0556 8091 0000 		lds r24,(OSIdleCtrMax)+2
 836 055a 9091 0000 		lds r25,(OSIdleCtrMax)+3
 837 055e 24E6      		ldi r18,lo8(100)
 838 0560 30E0      		ldi r19,hi8(100)
 839 0562 40E0      		ldi r20,hlo8(100)
 840 0564 50E0      		ldi r21,hhi8(100)
 841 0566 0E94 0000 		call __udivmodsi4
 842 056a C901      		movw r24,r18
 843 056c DA01      		movw r26,r20
 844 056e 7C01      		movw r14,r24
 845 0570 8D01      		movw r16,r26
 846 0572 54E6      		ldi r21,lo8(100)
 847 0574 D52E      		mov r13,r21
 848 0576 00C0      		rjmp .L78
 849               	.L82:
 850 0578 A801      		movw r20,r16
 851 057a 9701      		movw r18,r14
 852 057c 0E94 0000 		call __udivmodsi4
 853 0580 8D2D      		mov r24,r13
 854 0582 821B      		sub r24,r18
 855 0584 87FD      		sbrc r24,7
GAS LISTING /tmp/cctZ2GKG.s 			page 16


 856 0586 00C0      		rjmp .L76
 857 0588 8093 0000 		sts OSCPUUsage,r24
 858               	.L77:
 859 058c 0E94 0000 		call OSTaskStatHook
 860 0590 82E3      		ldi r24,lo8(50)
 861 0592 90E0      		ldi r25,hi8(50)
 862 0594 0E94 0000 		call OSTimeDly
 863               	.L78:
 864               	/* #APP */
 865               	 ;  970 "/home/linuxusers/ucos-II/software/uCOS-II/Source/os_core.c" 1
 866 0598 F894      		cli
 867               	 ;  0 "" 2
 868               	/* #NOAPP */
 869 059a 8091 0000 		lds r24,OSIdleCtr
 870 059e 9091 0000 		lds r25,(OSIdleCtr)+1
 871 05a2 A091 0000 		lds r26,(OSIdleCtr)+2
 872 05a6 B091 0000 		lds r27,(OSIdleCtr)+3
 873 05aa 8093 0000 		sts OSIdleCtrRun,r24
 874 05ae 9093 0000 		sts (OSIdleCtrRun)+1,r25
 875 05b2 A093 0000 		sts (OSIdleCtrRun)+2,r26
 876 05b6 B093 0000 		sts (OSIdleCtrRun)+3,r27
 877 05ba 6091 0000 		lds r22,OSIdleCtr
 878 05be 7091 0000 		lds r23,(OSIdleCtr)+1
 879 05c2 8091 0000 		lds r24,(OSIdleCtr)+2
 880 05c6 9091 0000 		lds r25,(OSIdleCtr)+3
 881 05ca 1092 0000 		sts OSIdleCtr,__zero_reg__
 882 05ce 1092 0000 		sts (OSIdleCtr)+1,__zero_reg__
 883 05d2 1092 0000 		sts (OSIdleCtr)+2,__zero_reg__
 884 05d6 1092 0000 		sts (OSIdleCtr)+3,__zero_reg__
 885               	/* #APP */
 886               	 ;  974 "/home/linuxusers/ucos-II/software/uCOS-II/Source/os_core.c" 1
 887 05da 7894      		sei
 888               	 ;  0 "" 2
 889               	/* #NOAPP */
 890 05dc E114      		cp r14,__zero_reg__
 891 05de F104      		cpc r15,__zero_reg__
 892 05e0 0105      		cpc r16,__zero_reg__
 893 05e2 1105      		cpc r17,__zero_reg__
 894 05e4 01F4      		brne .L82
 895 05e6 1092 0000 		sts OSCPUUsage,__zero_reg__
 896 05ea 6091 0000 		lds r22,OSIdleCtrMax
 897 05ee 7091 0000 		lds r23,(OSIdleCtrMax)+1
 898 05f2 8091 0000 		lds r24,(OSIdleCtrMax)+2
 899 05f6 9091 0000 		lds r25,(OSIdleCtrMax)+3
 900 05fa 24E6      		ldi r18,lo8(100)
 901 05fc 30E0      		ldi r19,hi8(100)
 902 05fe 40E0      		ldi r20,hlo8(100)
 903 0600 50E0      		ldi r21,hhi8(100)
 904 0602 0E94 0000 		call __udivmodsi4
 905 0606 C901      		movw r24,r18
 906 0608 DA01      		movw r26,r20
 907 060a 7C01      		movw r14,r24
 908 060c 8D01      		movw r16,r26
 909 060e 00C0      		rjmp .L77
 910               	.L76:
 911 0610 1092 0000 		sts OSCPUUsage,__zero_reg__
 912 0614 00C0      		rjmp .L77
GAS LISTING /tmp/cctZ2GKG.s 			page 17


 913               		.size	OS_TaskStat, .-OS_TaskStat
 914               	.global	OSStatInit
 915               		.type	OSStatInit, @function
 916               	OSStatInit:
 917               	/* prologue: function */
 918               	/* frame size = 0 */
 919 0616 82E0      		ldi r24,lo8(2)
 920 0618 90E0      		ldi r25,hi8(2)
 921 061a 0E94 0000 		call OSTimeDly
 922               	/* #APP */
 923               	 ;  339 "/home/linuxusers/ucos-II/software/uCOS-II/Source/os_core.c" 1
 924 061e F894      		cli
 925               	 ;  0 "" 2
 926               	/* #NOAPP */
 927 0620 1092 0000 		sts OSIdleCtr,__zero_reg__
 928 0624 1092 0000 		sts (OSIdleCtr)+1,__zero_reg__
 929 0628 1092 0000 		sts (OSIdleCtr)+2,__zero_reg__
 930 062c 1092 0000 		sts (OSIdleCtr)+3,__zero_reg__
 931               	/* #APP */
 932               	 ;  341 "/home/linuxusers/ucos-II/software/uCOS-II/Source/os_core.c" 1
 933 0630 7894      		sei
 934               	 ;  0 "" 2
 935               	/* #NOAPP */
 936 0632 82E3      		ldi r24,lo8(50)
 937 0634 90E0      		ldi r25,hi8(50)
 938 0636 0E94 0000 		call OSTimeDly
 939               	/* #APP */
 940               	 ;  343 "/home/linuxusers/ucos-II/software/uCOS-II/Source/os_core.c" 1
 941 063a F894      		cli
 942               	 ;  0 "" 2
 943               	/* #NOAPP */
 944 063c 8091 0000 		lds r24,OSIdleCtr
 945 0640 9091 0000 		lds r25,(OSIdleCtr)+1
 946 0644 A091 0000 		lds r26,(OSIdleCtr)+2
 947 0648 B091 0000 		lds r27,(OSIdleCtr)+3
 948 064c 8093 0000 		sts OSIdleCtrMax,r24
 949 0650 9093 0000 		sts (OSIdleCtrMax)+1,r25
 950 0654 A093 0000 		sts (OSIdleCtrMax)+2,r26
 951 0658 B093 0000 		sts (OSIdleCtrMax)+3,r27
 952 065c 81E0      		ldi r24,lo8(1)
 953 065e 8093 0000 		sts OSStatRdy,r24
 954               	/* #APP */
 955               	 ;  346 "/home/linuxusers/ucos-II/software/uCOS-II/Source/os_core.c" 1
 956 0662 7894      		sei
 957               	 ;  0 "" 2
 958               	/* epilogue start */
 959               	/* #NOAPP */
 960 0664 0895      		ret
 961               		.size	OSStatInit, .-OSStatInit
 962               	.global	OSTaskDel
 963               		.type	OSTaskDel, @function
 964               	OSTaskDel:
 965 0666 0F93      		push r16
 966 0668 1F93      		push r17
 967 066a CF93      		push r28
 968 066c DF93      		push r29
 969               	/* prologue: function */
GAS LISTING /tmp/cctZ2GKG.s 			page 18


 970               	/* frame size = 0 */
 971 066e E82F      		mov r30,r24
 972 0670 8091 0000 		lds r24,OSIntNesting
 973 0674 8823      		tst r24
 974 0676 01F0      		breq .+2
 975 0678 00C0      		rjmp .L97
 976               	/* #APP */
 977               	 ;  385 "/home/linuxusers/ucos-II/software/uCOS-II/Source/os_task.c" 1
 978 067a F894      		cli
 979               	 ;  0 "" 2
 980               	/* #NOAPP */
 981 067c EF3F      		cpi r30,lo8(-1)
 982 067e 01F4      		brne .+2
 983 0680 00C0      		rjmp .L98
 984               	.L88:
 985 0682 0E2F      		mov r16,r30
 986 0684 10E0      		ldi r17,lo8(0)
 987 0686 000F      		lsl r16
 988 0688 111F      		rol r17
 989 068a F801      		movw r30,r16
 990 068c E050      		subi r30,lo8(-(OSTCBPrioTbl))
 991 068e F040      		sbci r31,hi8(-(OSTCBPrioTbl))
 992 0690 C081      		ld r28,Z
 993 0692 D181      		ldd r29,Z+1
 994 0694 2097      		sbiw r28,0
 995 0696 01F4      		brne .+2
 996 0698 00C0      		rjmp .L89
 997 069a 8D85      		ldd r24,Y+13
 998 069c 482F      		mov r20,r24
 999 069e 50E0      		ldi r21,lo8(0)
 1000 06a0 2E85      		ldd r18,Y+14
 1001 06a2 2095      		com r18
 1002 06a4 FA01      		movw r30,r20
 1003 06a6 E050      		subi r30,lo8(-(OSRdyTbl))
 1004 06a8 F040      		sbci r31,hi8(-(OSRdyTbl))
 1005 06aa 8081      		ld r24,Z
 1006 06ac 8223      		and r24,r18
 1007 06ae 8083      		st Z,r24
 1008 06b0 8823      		tst r24
 1009 06b2 01F4      		brne .+2
 1010 06b4 00C0      		rjmp .L99
 1011               	.L90:
 1012 06b6 AE81      		ldd r26,Y+6
 1013 06b8 BF81      		ldd r27,Y+7
 1014 06ba 1097      		sbiw r26,0
 1015 06bc 01F0      		breq .L91
 1016 06be FD01      		movw r30,r26
 1017 06c0 E40F      		add r30,r20
 1018 06c2 F51F      		adc r31,r21
 1019 06c4 8681      		ldd r24,Z+6
 1020 06c6 8223      		and r24,r18
 1021 06c8 8683      		std Z+6,r24
 1022 06ca 8823      		tst r24
 1023 06cc 01F4      		brne .+2
 1024 06ce 00C0      		rjmp .L100
 1025               	.L91:
 1026 06d0 1986      		std Y+9,__zero_reg__
GAS LISTING /tmp/cctZ2GKG.s 			page 19


 1027 06d2 1886      		std Y+8,__zero_reg__
 1028 06d4 1A86      		std Y+10,__zero_reg__
 1029 06d6 8091 0000 		lds r24,OSLockNesting
 1030 06da 8F3F      		cpi r24,lo8(-1)
 1031 06dc 01F0      		breq .L92
 1032 06de 8F5F      		subi r24,lo8(-(1))
 1033 06e0 8093 0000 		sts OSLockNesting,r24
 1034               	.L92:
 1035               	/* #APP */
 1036               	 ;  413 "/home/linuxusers/ucos-II/software/uCOS-II/Source/os_task.c" 1
 1037 06e4 7894      		sei
 1038               	 ;  0 "" 2
 1039               	 ;  415 "/home/linuxusers/ucos-II/software/uCOS-II/Source/os_task.c" 1
 1040 06e6 F894      		cli
 1041               	 ;  0 "" 2
 1042               	/* #NOAPP */
 1043 06e8 8823      		tst r24
 1044 06ea 01F4      		brne .L101
 1045               	.L93:
 1046 06ec CE01      		movw r24,r28
 1047 06ee 0E94 0000 		call OSTaskDelHook
 1048 06f2 8091 0000 		lds r24,OSTaskCtr
 1049 06f6 8150      		subi r24,lo8(-(-1))
 1050 06f8 8093 0000 		sts OSTaskCtr,r24
 1051 06fc 0050      		subi r16,lo8(-(OSTCBPrioTbl))
 1052 06fe 1040      		sbci r17,hi8(-(OSTCBPrioTbl))
 1053 0700 F801      		movw r30,r16
 1054 0702 1182      		std Z+1,__zero_reg__
 1055 0704 1082      		st Z,__zero_reg__
 1056 0706 AC81      		ldd r26,Y+4
 1057 0708 BD81      		ldd r27,Y+5
 1058 070a 1097      		sbiw r26,0
 1059 070c 01F4      		brne .+2
 1060 070e 00C0      		rjmp .L102
 1061 0710 8A81      		ldd r24,Y+2
 1062 0712 9B81      		ldd r25,Y+3
 1063 0714 1396      		adiw r26,2+1
 1064 0716 9C93      		st X,r25
 1065 0718 8E93      		st -X,r24
 1066 071a 1297      		sbiw r26,2
 1067 071c EA81      		ldd r30,Y+2
 1068 071e FB81      		ldd r31,Y+3
 1069 0720 B583      		std Z+5,r27
 1070 0722 A483      		std Z+4,r26
 1071               	.L95:
 1072 0724 8091 0000 		lds r24,OSTCBFreeList
 1073 0728 9091 0000 		lds r25,(OSTCBFreeList)+1
 1074 072c 9B83      		std Y+3,r25
 1075 072e 8A83      		std Y+2,r24
 1076 0730 D093 0000 		sts (OSTCBFreeList)+1,r29
 1077 0734 C093 0000 		sts OSTCBFreeList,r28
 1078               	/* #APP */
 1079               	 ;  431 "/home/linuxusers/ucos-II/software/uCOS-II/Source/os_task.c" 1
 1080 0738 7894      		sei
 1081               	 ;  0 "" 2
 1082               	/* #NOAPP */
 1083 073a 0E94 0000 		call OS_Sched
GAS LISTING /tmp/cctZ2GKG.s 			page 20


 1084 073e 80E0      		ldi r24,lo8(0)
 1085               	/* epilogue start */
 1086 0740 DF91      		pop r29
 1087 0742 CF91      		pop r28
 1088 0744 1F91      		pop r17
 1089 0746 0F91      		pop r16
 1090 0748 0895      		ret
 1091               	.L97:
 1092 074a 8FE3      		ldi r24,lo8(63)
 1093 074c DF91      		pop r29
 1094 074e CF91      		pop r28
 1095 0750 1F91      		pop r17
 1096 0752 0F91      		pop r16
 1097 0754 0895      		ret
 1098               	.L101:
 1099 0756 8150      		subi r24,lo8(-(-1))
 1100 0758 8093 0000 		sts OSLockNesting,r24
 1101 075c 00C0      		rjmp .L93
 1102               	.L99:
 1103 075e 9F85      		ldd r25,Y+15
 1104 0760 9095      		com r25
 1105 0762 8091 0000 		lds r24,OSRdyGrp
 1106 0766 8923      		and r24,r25
 1107 0768 8093 0000 		sts OSRdyGrp,r24
 1108 076c 00C0      		rjmp .L90
 1109               	.L100:
 1110 076e 9F85      		ldd r25,Y+15
 1111 0770 9095      		com r25
 1112 0772 1196      		adiw r26,1
 1113 0774 8C91      		ld r24,X
 1114 0776 1197      		sbiw r26,1
 1115 0778 8923      		and r24,r25
 1116 077a 1196      		adiw r26,1
 1117 077c 8C93      		st X,r24
 1118 077e 00C0      		rjmp .L91
 1119               	.L98:
 1120 0780 E091 0000 		lds r30,OSTCBCur
 1121 0784 F091 0000 		lds r31,(OSTCBCur)+1
 1122 0788 E385      		ldd r30,Z+11
 1123 078a 00C0      		rjmp .L88
 1124               	.L89:
 1125               	/* #APP */
 1126               	 ;  435 "/home/linuxusers/ucos-II/software/uCOS-II/Source/os_task.c" 1
 1127 078c 7894      		sei
 1128               	 ;  0 "" 2
 1129               	/* #NOAPP */
 1130 078e 8CE3      		ldi r24,lo8(60)
 1131 0790 DF91      		pop r29
 1132 0792 CF91      		pop r28
 1133 0794 1F91      		pop r17
 1134 0796 0F91      		pop r16
 1135 0798 0895      		ret
 1136               	.L102:
 1137 079a EA81      		ldd r30,Y+2
 1138 079c FB81      		ldd r31,Y+3
 1139 079e 1582      		std Z+5,__zero_reg__
 1140 07a0 1482      		std Z+4,__zero_reg__
GAS LISTING /tmp/cctZ2GKG.s 			page 21


 1141 07a2 F093 0000 		sts (OSTCBList)+1,r31
 1142 07a6 E093 0000 		sts OSTCBList,r30
 1143 07aa 00C0      		rjmp .L95
 1144               		.size	OSTaskDel, .-OSTaskDel
 1145               	.global	OSTaskCreate
 1146               		.type	OSTaskCreate, @function
 1147               	OSTaskCreate:
 1148 07ac AF92      		push r10
 1149 07ae BF92      		push r11
 1150 07b0 CF92      		push r12
 1151 07b2 DF92      		push r13
 1152 07b4 EF92      		push r14
 1153 07b6 FF92      		push r15
 1154 07b8 0F93      		push r16
 1155 07ba 1F93      		push r17
 1156 07bc CF93      		push r28
 1157 07be DF93      		push r29
 1158               	/* prologue: function */
 1159               	/* frame size = 0 */
 1160 07c0 FC01      		movw r30,r24
 1161 07c2 122F      		mov r17,r18
 1162               	/* #APP */
 1163               	 ;  172 "/home/linuxusers/ucos-II/software/uCOS-II/Source/os_task.c" 1
 1164 07c4 F894      		cli
 1165               	 ;  0 "" 2
 1166               	/* #NOAPP */
 1167 07c6 C22F      		mov r28,r18
 1168 07c8 D0E0      		ldi r29,lo8(0)
 1169 07ca CC0F      		lsl r28
 1170 07cc DD1F      		rol r29
 1171 07ce C050      		subi r28,lo8(-(OSTCBPrioTbl))
 1172 07d0 D040      		sbci r29,hi8(-(OSTCBPrioTbl))
 1173 07d2 8881      		ld r24,Y
 1174 07d4 9981      		ldd r25,Y+1
 1175 07d6 892B      		or r24,r25
 1176 07d8 01F0      		breq .L108
 1177               	/* #APP */
 1178               	 ;  193 "/home/linuxusers/ucos-II/software/uCOS-II/Source/os_task.c" 1
 1179 07da 7894      		sei
 1180               	 ;  0 "" 2
 1181               	/* #NOAPP */
 1182 07dc 18E2      		ldi r17,lo8(40)
 1183               	.L106:
 1184 07de 812F      		mov r24,r17
 1185               	/* epilogue start */
 1186 07e0 DF91      		pop r29
 1187 07e2 CF91      		pop r28
 1188 07e4 1F91      		pop r17
 1189 07e6 0F91      		pop r16
 1190 07e8 FF90      		pop r15
 1191 07ea EF90      		pop r14
 1192 07ec DF90      		pop r13
 1193 07ee CF90      		pop r12
 1194 07f0 BF90      		pop r11
 1195 07f2 AF90      		pop r10
 1196 07f4 0895      		ret
 1197               	.L108:
GAS LISTING /tmp/cctZ2GKG.s 			page 22


 1198 07f6 81E0      		ldi r24,lo8(1)
 1199 07f8 90E0      		ldi r25,hi8(1)
 1200 07fa 9983      		std Y+1,r25
 1201 07fc 8883      		st Y,r24
 1202               	/* #APP */
 1203               	 ;  176 "/home/linuxusers/ucos-II/software/uCOS-II/Source/os_task.c" 1
 1204 07fe 7894      		sei
 1205               	 ;  0 "" 2
 1206               	/* #NOAPP */
 1207 0800 CF01      		movw r24,r30
 1208 0802 20E0      		ldi r18,lo8(0)
 1209 0804 30E0      		ldi r19,hi8(0)
 1210 0806 0E94 0000 		call OSTaskStkInit
 1211 080a BC01      		movw r22,r24
 1212 080c 812F      		mov r24,r17
 1213 080e 40E0      		ldi r20,lo8(0)
 1214 0810 50E0      		ldi r21,hi8(0)
 1215 0812 20E0      		ldi r18,lo8(0)
 1216 0814 30E0      		ldi r19,hi8(0)
 1217 0816 EE24      		clr r14
 1218 0818 FF24      		clr r15
 1219 081a 8701      		movw r16,r14
 1220 081c CC24      		clr r12
 1221 081e DD24      		clr r13
 1222 0820 AA24      		clr r10
 1223 0822 BB24      		clr r11
 1224 0824 0E94 0000 		call OS_TCBInit
 1225 0828 182F      		mov r17,r24
 1226 082a 8823      		tst r24
 1227 082c 01F4      		brne .L105
 1228               	/* #APP */
 1229               	 ;  180 "/home/linuxusers/ucos-II/software/uCOS-II/Source/os_task.c" 1
 1230 082e F894      		cli
 1231               	 ;  0 "" 2
 1232               	/* #NOAPP */
 1233 0830 8091 0000 		lds r24,OSTaskCtr
 1234 0834 8F5F      		subi r24,lo8(-(1))
 1235 0836 8093 0000 		sts OSTaskCtr,r24
 1236               	/* #APP */
 1237               	 ;  182 "/home/linuxusers/ucos-II/software/uCOS-II/Source/os_task.c" 1
 1238 083a 7894      		sei
 1239               	 ;  0 "" 2
 1240               	/* #NOAPP */
 1241 083c 8091 0000 		lds r24,OSRunning
 1242 0840 8130      		cpi r24,lo8(1)
 1243 0842 01F4      		brne .L106
 1244 0844 0E94 0000 		call OS_Sched
 1245 0848 00C0      		rjmp .L106
 1246               	.L105:
 1247               	/* #APP */
 1248               	 ;  187 "/home/linuxusers/ucos-II/software/uCOS-II/Source/os_task.c" 1
 1249 084a F894      		cli
 1250               	 ;  0 "" 2
 1251               	/* #NOAPP */
 1252 084c 1982      		std Y+1,__zero_reg__
 1253 084e 1882      		st Y,__zero_reg__
 1254               	/* #APP */
GAS LISTING /tmp/cctZ2GKG.s 			page 23


 1255               	 ;  189 "/home/linuxusers/ucos-II/software/uCOS-II/Source/os_task.c" 1
 1256 0850 7894      		sei
 1257               	 ;  0 "" 2
 1258               	/* #NOAPP */
 1259 0852 00C0      		rjmp .L106
 1260               		.size	OSTaskCreate, .-OSTaskCreate
 1261               	.global	OSSemPost
 1262               		.type	OSSemPost, @function
 1263               	OSSemPost:
 1264               	/* prologue: function */
 1265               	/* frame size = 0 */
 1266 0854 FC01      		movw r30,r24
 1267               	/* #APP */
 1268               	 ;  323 "/home/linuxusers/ucos-II/software/uCOS-II/Source/os_sem.c" 1
 1269 0856 F894      		cli
 1270               	 ;  0 "" 2
 1271               	/* #NOAPP */
 1272 0858 8181      		ldd r24,Z+1
 1273 085a 8823      		tst r24
 1274 085c 01F4      		brne .L114
 1275 085e 8281      		ldd r24,Z+2
 1276 0860 9381      		ldd r25,Z+3
 1277 0862 2FEF      		ldi r18,hi8(-1)
 1278 0864 8F3F      		cpi r24,lo8(-1)
 1279 0866 9207      		cpc r25,r18
 1280 0868 01F0      		breq .L112
 1281 086a 0196      		adiw r24,1
 1282 086c 9383      		std Z+3,r25
 1283 086e 8283      		std Z+2,r24
 1284               	/* #APP */
 1285               	 ;  332 "/home/linuxusers/ucos-II/software/uCOS-II/Source/os_sem.c" 1
 1286 0870 7894      		sei
 1287               	 ;  0 "" 2
 1288               	/* #NOAPP */
 1289 0872 80E0      		ldi r24,lo8(0)
 1290 0874 0895      		ret
 1291               	.L112:
 1292               	/* #APP */
 1293               	 ;  335 "/home/linuxusers/ucos-II/software/uCOS-II/Source/os_sem.c" 1
 1294 0876 7894      		sei
 1295               	 ;  0 "" 2
 1296               	/* #NOAPP */
 1297 0878 82E3      		ldi r24,lo8(50)
 1298 087a 0895      		ret
 1299               	.L114:
 1300 087c CF01      		movw r24,r30
 1301 087e 60E0      		ldi r22,lo8(0)
 1302 0880 70E0      		ldi r23,hi8(0)
 1303 0882 41E0      		ldi r20,lo8(1)
 1304 0884 0E94 0000 		call OS_EventTaskRdy
 1305               	/* #APP */
 1306               	 ;  326 "/home/linuxusers/ucos-II/software/uCOS-II/Source/os_sem.c" 1
 1307 0888 7894      		sei
 1308               	 ;  0 "" 2
 1309               	/* #NOAPP */
 1310 088a 0E94 0000 		call OS_Sched
 1311 088e 80E0      		ldi r24,lo8(0)
GAS LISTING /tmp/cctZ2GKG.s 			page 24


 1312 0890 0895      		ret
 1313               		.size	OSSemPost, .-OSSemPost
 1314               	.global	OSSemPend
 1315               		.type	OSSemPend, @function
 1316               	OSSemPend:
 1317 0892 0F93      		push r16
 1318 0894 1F93      		push r17
 1319 0896 CF93      		push r28
 1320 0898 DF93      		push r29
 1321               	/* prologue: function */
 1322               	/* frame size = 0 */
 1323 089a EC01      		movw r28,r24
 1324 089c 8A01      		movw r16,r20
 1325 089e 8091 0000 		lds r24,OSIntNesting
 1326 08a2 8823      		tst r24
 1327 08a4 01F0      		breq .+2
 1328 08a6 00C0      		rjmp .L124
 1329               	/* #APP */
 1330               	 ;  265 "/home/linuxusers/ucos-II/software/uCOS-II/Source/os_sem.c" 1
 1331 08a8 F894      		cli
 1332               	 ;  0 "" 2
 1333               	/* #NOAPP */
 1334 08aa 8A81      		ldd r24,Y+2
 1335 08ac 9B81      		ldd r25,Y+3
 1336 08ae 0097      		sbiw r24,0
 1337 08b0 01F0      		breq .+2
 1338 08b2 00C0      		rjmp .L125
 1339 08b4 A091 0000 		lds r26,OSTCBCur
 1340 08b8 B091 0000 		lds r27,(OSTCBCur)+1
 1341 08bc 1A96      		adiw r26,10
 1342 08be 8C91      		ld r24,X
 1343 08c0 1A97      		sbiw r26,10
 1344 08c2 8160      		ori r24,lo8(1)
 1345 08c4 1A96      		adiw r26,10
 1346 08c6 8C93      		st X,r24
 1347 08c8 1A97      		sbiw r26,10
 1348 08ca 1996      		adiw r26,8+1
 1349 08cc 7C93      		st X,r23
 1350 08ce 6E93      		st -X,r22
 1351 08d0 1897      		sbiw r26,8
 1352 08d2 1796      		adiw r26,6+1
 1353 08d4 DC93      		st X,r29
 1354 08d6 CE93      		st -X,r28
 1355 08d8 1697      		sbiw r26,6
 1356 08da 1D96      		adiw r26,13
 1357 08dc 8C91      		ld r24,X
 1358 08de 1D97      		sbiw r26,13
 1359 08e0 482F      		mov r20,r24
 1360 08e2 50E0      		ldi r21,lo8(0)
 1361 08e4 1E96      		adiw r26,14
 1362 08e6 3C91      		ld r19,X
 1363 08e8 1E97      		sbiw r26,14
 1364 08ea FA01      		movw r30,r20
 1365 08ec E050      		subi r30,lo8(-(OSRdyTbl))
 1366 08ee F040      		sbci r31,hi8(-(OSRdyTbl))
 1367 08f0 832F      		mov r24,r19
 1368 08f2 8095      		com r24
GAS LISTING /tmp/cctZ2GKG.s 			page 25


 1369 08f4 9081      		ld r25,Z
 1370 08f6 8923      		and r24,r25
 1371 08f8 8083      		st Z,r24
 1372 08fa 8823      		tst r24
 1373 08fc 01F4      		brne .+2
 1374 08fe 00C0      		rjmp .L119
 1375 0900 1F96      		adiw r26,15
 1376 0902 2C91      		ld r18,X
 1377               	.L120:
 1378 0904 FE01      		movw r30,r28
 1379 0906 E40F      		add r30,r20
 1380 0908 F51F      		adc r31,r21
 1381 090a 8681      		ldd r24,Z+6
 1382 090c 832B      		or r24,r19
 1383 090e 8683      		std Z+6,r24
 1384 0910 8981      		ldd r24,Y+1
 1385 0912 822B      		or r24,r18
 1386 0914 8983      		std Y+1,r24
 1387               	/* #APP */
 1388               	 ;  276 "/home/linuxusers/ucos-II/software/uCOS-II/Source/os_sem.c" 1
 1389 0916 7894      		sei
 1390               	 ;  0 "" 2
 1391               	/* #NOAPP */
 1392 0918 0E94 0000 		call OS_Sched
 1393               	/* #APP */
 1394               	 ;  278 "/home/linuxusers/ucos-II/software/uCOS-II/Source/os_sem.c" 1
 1395 091c F894      		cli
 1396               	 ;  0 "" 2
 1397               	/* #NOAPP */
 1398 091e A091 0000 		lds r26,OSTCBCur
 1399 0922 B091 0000 		lds r27,(OSTCBCur)+1
 1400 0926 1A96      		adiw r26,10
 1401 0928 8C91      		ld r24,X
 1402 092a 1A97      		sbiw r26,10
 1403 092c 80FF      		sbrs r24,0
 1404 092e 00C0      		rjmp .L121
 1405 0930 1D96      		adiw r26,13
 1406 0932 8C91      		ld r24,X
 1407 0934 1D97      		sbiw r26,13
 1408 0936 FE01      		movw r30,r28
 1409 0938 E80F      		add r30,r24
 1410 093a F11D      		adc r31,__zero_reg__
 1411 093c 1E96      		adiw r26,14
 1412 093e 8C91      		ld r24,X
 1413 0940 1E97      		sbiw r26,14
 1414 0942 8095      		com r24
 1415 0944 9681      		ldd r25,Z+6
 1416 0946 8923      		and r24,r25
 1417 0948 8683      		std Z+6,r24
 1418 094a 8823      		tst r24
 1419 094c 01F4      		brne .L122
 1420 094e 1F96      		adiw r26,15
 1421 0950 9C91      		ld r25,X
 1422 0952 1F97      		sbiw r26,15
 1423 0954 9095      		com r25
 1424 0956 8981      		ldd r24,Y+1
 1425 0958 8923      		and r24,r25
GAS LISTING /tmp/cctZ2GKG.s 			page 26


 1426 095a 8983      		std Y+1,r24
 1427               	.L122:
 1428 095c 1A96      		adiw r26,10
 1429 095e 1C92      		st X,__zero_reg__
 1430 0960 1A97      		sbiw r26,10
 1431 0962 1796      		adiw r26,6+1
 1432 0964 1C92      		st X,__zero_reg__
 1433 0966 1E92      		st -X,__zero_reg__
 1434 0968 1697      		sbiw r26,6
 1435               	/* #APP */
 1436               	 ;  281 "/home/linuxusers/ucos-II/software/uCOS-II/Source/os_sem.c" 1
 1437 096a 7894      		sei
 1438               	 ;  0 "" 2
 1439               	/* #NOAPP */
 1440 096c 8AE0      		ldi r24,lo8(10)
 1441 096e F801      		movw r30,r16
 1442 0970 8083      		st Z,r24
 1443 0972 DF91      		pop r29
 1444 0974 CF91      		pop r28
 1445 0976 1F91      		pop r17
 1446 0978 0F91      		pop r16
 1447 097a 0895      		ret
 1448               	.L125:
 1449 097c 0197      		sbiw r24,1
 1450 097e 9B83      		std Y+3,r25
 1451 0980 8A83      		std Y+2,r24
 1452               	/* #APP */
 1453               	 ;  268 "/home/linuxusers/ucos-II/software/uCOS-II/Source/os_sem.c" 1
 1454 0982 7894      		sei
 1455               	 ;  0 "" 2
 1456               	/* #NOAPP */
 1457 0984 FA01      		movw r30,r20
 1458 0986 1082      		st Z,__zero_reg__
 1459               	/* epilogue start */
 1460 0988 DF91      		pop r29
 1461 098a CF91      		pop r28
 1462 098c 1F91      		pop r17
 1463 098e 0F91      		pop r16
 1464 0990 0895      		ret
 1465               	.L124:
 1466 0992 82E0      		ldi r24,lo8(2)
 1467 0994 FA01      		movw r30,r20
 1468 0996 8083      		st Z,r24
 1469 0998 DF91      		pop r29
 1470 099a CF91      		pop r28
 1471 099c 1F91      		pop r17
 1472 099e 0F91      		pop r16
 1473 09a0 0895      		ret
 1474               	.L119:
 1475 09a2 1F96      		adiw r26,15
 1476 09a4 2C91      		ld r18,X
 1477 09a6 922F      		mov r25,r18
 1478 09a8 9095      		com r25
 1479 09aa 8091 0000 		lds r24,OSRdyGrp
 1480 09ae 8923      		and r24,r25
 1481 09b0 8093 0000 		sts OSRdyGrp,r24
 1482 09b4 00C0      		rjmp .L120
GAS LISTING /tmp/cctZ2GKG.s 			page 27


 1483               	.L121:
 1484 09b6 1796      		adiw r26,6+1
 1485 09b8 1C92      		st X,__zero_reg__
 1486 09ba 1E92      		st -X,__zero_reg__
 1487 09bc 1697      		sbiw r26,6
 1488               	/* #APP */
 1489               	 ;  286 "/home/linuxusers/ucos-II/software/uCOS-II/Source/os_sem.c" 1
 1490 09be 7894      		sei
 1491               	 ;  0 "" 2
 1492               	/* #NOAPP */
 1493 09c0 F801      		movw r30,r16
 1494 09c2 1082      		st Z,__zero_reg__
 1495 09c4 DF91      		pop r29
 1496 09c6 CF91      		pop r28
 1497 09c8 1F91      		pop r17
 1498 09ca 0F91      		pop r16
 1499 09cc 0895      		ret
 1500               		.size	OSSemPend, .-OSSemPend
 1501               	.global	OSSchedUnlock
 1502               		.type	OSSchedUnlock, @function
 1503               	OSSchedUnlock:
 1504               	/* prologue: function */
 1505               	/* frame size = 0 */
 1506 09ce 8091 0000 		lds r24,OSRunning
 1507 09d2 8130      		cpi r24,lo8(1)
 1508 09d4 01F0      		breq .L131
 1509 09d6 0895      		ret
 1510               	.L131:
 1511               	/* #APP */
 1512               	 ;  256 "/home/linuxusers/ucos-II/software/uCOS-II/Source/os_core.c" 1
 1513 09d8 F894      		cli
 1514               	 ;  0 "" 2
 1515               	/* #NOAPP */
 1516 09da 8091 0000 		lds r24,OSLockNesting
 1517 09de 8823      		tst r24
 1518 09e0 01F0      		breq .L128
 1519 09e2 8150      		subi r24,lo8(-(-1))
 1520 09e4 8093 0000 		sts OSLockNesting,r24
 1521 09e8 8823      		tst r24
 1522 09ea 01F4      		brne .L129
 1523 09ec 8091 0000 		lds r24,OSIntNesting
 1524 09f0 8823      		tst r24
 1525 09f2 01F0      		breq .L132
 1526               	.L129:
 1527               	/* #APP */
 1528               	 ;  263 "/home/linuxusers/ucos-II/software/uCOS-II/Source/os_core.c" 1
 1529 09f4 7894      		sei
 1530               	 ;  0 "" 2
 1531               	/* #NOAPP */
 1532 09f6 0895      		ret
 1533               	.L128:
 1534               	/* #APP */
 1535               	 ;  266 "/home/linuxusers/ucos-II/software/uCOS-II/Source/os_core.c" 1
 1536 09f8 7894      		sei
 1537               	 ;  0 "" 2
 1538               	/* #NOAPP */
 1539 09fa 0895      		ret
GAS LISTING /tmp/cctZ2GKG.s 			page 28


 1540               	.L132:
 1541               	/* #APP */
 1542               	 ;  260 "/home/linuxusers/ucos-II/software/uCOS-II/Source/os_core.c" 1
 1543 09fc 7894      		sei
 1544               	 ;  0 "" 2
 1545               	/* #NOAPP */
 1546 09fe 0E94 0000 		call OS_Sched
 1547 0a02 0895      		ret
 1548               		.size	OSSchedUnlock, .-OSSchedUnlock
 1549               	.global	OSTimeTick
 1550               		.type	OSTimeTick, @function
 1551               	OSTimeTick:
 1552               	/* prologue: function */
 1553               	/* frame size = 0 */
 1554 0a04 0E94 0000 		call OSTimeTickHook
 1555 0a08 8091 0000 		lds r24,OSRunning
 1556 0a0c 8130      		cpi r24,lo8(1)
 1557 0a0e 01F0      		breq .L140
 1558               	.L138:
 1559 0a10 0895      		ret
 1560               	.L140:
 1561 0a12 A091 0000 		lds r26,OSTCBList
 1562 0a16 B091 0000 		lds r27,(OSTCBList)+1
 1563 0a1a 1B96      		adiw r26,11
 1564 0a1c 8C91      		ld r24,X
 1565 0a1e 1B97      		sbiw r26,11
 1566 0a20 8C30      		cpi r24,lo8(12)
 1567 0a22 01F0      		breq .L138
 1568 0a24 2091 0000 		lds r18,OSRdyGrp
 1569 0a28 41E0      		ldi r20,lo8(1)
 1570 0a2a 50E0      		ldi r21,hi8(1)
 1571 0a2c 00C0      		rjmp .L137
 1572               	.L142:
 1573 0a2e 1F96      		adiw r26,15
 1574 0a30 8C91      		ld r24,X
 1575 0a32 1F97      		sbiw r26,15
 1576 0a34 282B      		or r18,r24
 1577 0a36 1D96      		adiw r26,13
 1578 0a38 EC91      		ld r30,X
 1579 0a3a 1D97      		sbiw r26,13
 1580 0a3c F0E0      		ldi r31,lo8(0)
 1581 0a3e E050      		subi r30,lo8(-(OSRdyTbl))
 1582 0a40 F040      		sbci r31,hi8(-(OSRdyTbl))
 1583 0a42 8081      		ld r24,Z
 1584 0a44 1E96      		adiw r26,14
 1585 0a46 9C91      		ld r25,X
 1586 0a48 1E97      		sbiw r26,14
 1587 0a4a 892B      		or r24,r25
 1588 0a4c 8083      		st Z,r24
 1589               	.L135:
 1590 0a4e 1296      		adiw r26,2
 1591 0a50 0D90      		ld __tmp_reg__,X+
 1592 0a52 BC91      		ld r27,X
 1593 0a54 A02D      		mov r26,__tmp_reg__
 1594               	/* #APP */
 1595               	 ;  393 "/home/linuxusers/ucos-II/software/uCOS-II/Source/os_core.c" 1
 1596 0a56 7894      		sei
GAS LISTING /tmp/cctZ2GKG.s 			page 29


 1597               	 ;  0 "" 2
 1598               	/* #NOAPP */
 1599 0a58 1B96      		adiw r26,11
 1600 0a5a 8C91      		ld r24,X
 1601 0a5c 1B97      		sbiw r26,11
 1602 0a5e 8C30      		cpi r24,lo8(12)
 1603 0a60 01F0      		breq .L141
 1604               	.L137:
 1605               	/* #APP */
 1606               	 ;  381 "/home/linuxusers/ucos-II/software/uCOS-II/Source/os_core.c" 1
 1607 0a62 F894      		cli
 1608               	 ;  0 "" 2
 1609               	/* #NOAPP */
 1610 0a64 1896      		adiw r26,8
 1611 0a66 8D91      		ld r24,X+
 1612 0a68 9C91      		ld r25,X
 1613 0a6a 1997      		sbiw r26,8+1
 1614 0a6c 0097      		sbiw r24,0
 1615 0a6e 01F0      		breq .L135
 1616 0a70 0197      		sbiw r24,1
 1617 0a72 1996      		adiw r26,8+1
 1618 0a74 9C93      		st X,r25
 1619 0a76 8E93      		st -X,r24
 1620 0a78 1897      		sbiw r26,8
 1621 0a7a 892B      		or r24,r25
 1622 0a7c 01F4      		brne .L135
 1623 0a7e 1A96      		adiw r26,10
 1624 0a80 8C91      		ld r24,X
 1625 0a82 1A97      		sbiw r26,10
 1626 0a84 83FF      		sbrs r24,3
 1627 0a86 00C0      		rjmp .L142
 1628 0a88 1996      		adiw r26,8+1
 1629 0a8a 5C93      		st X,r21
 1630 0a8c 4E93      		st -X,r20
 1631 0a8e 1897      		sbiw r26,8
 1632 0a90 00C0      		rjmp .L135
 1633               	.L141:
 1634 0a92 2093 0000 		sts OSRdyGrp,r18
 1635 0a96 0895      		ret
 1636               		.size	OSTimeTick, .-OSTimeTick
 1637               	.global	OSStart
 1638               		.type	OSStart, @function
 1639               	OSStart:
 1640               	/* prologue: function */
 1641               	/* frame size = 0 */
 1642 0a98 8091 0000 		lds r24,OSRunning
 1643 0a9c 8111      		cpse r24,__zero_reg__
 1644 0a9e 0895      		ret
 1645               	.L146:
 1646 0aa0 E091 0000 		lds r30,OSRdyGrp
 1647 0aa4 F0E0      		ldi r31,lo8(0)
 1648 0aa6 E050      		subi r30,lo8(-(OSUnMapTbl))
 1649 0aa8 F040      		sbci r31,hi8(-(OSUnMapTbl))
 1650 0aaa A081      		ld r26,Z
 1651 0aac EA2F      		mov r30,r26
 1652 0aae F0E0      		ldi r31,lo8(0)
 1653 0ab0 E050      		subi r30,lo8(-(OSRdyTbl))
GAS LISTING /tmp/cctZ2GKG.s 			page 30


 1654 0ab2 F040      		sbci r31,hi8(-(OSRdyTbl))
 1655 0ab4 E081      		ld r30,Z
 1656 0ab6 F0E0      		ldi r31,lo8(0)
 1657 0ab8 E050      		subi r30,lo8(-(OSUnMapTbl))
 1658 0aba F040      		sbci r31,hi8(-(OSUnMapTbl))
 1659 0abc AA0F      		lsl r26
 1660 0abe AA0F      		lsl r26
 1661 0ac0 AA0F      		lsl r26
 1662 0ac2 8081      		ld r24,Z
 1663 0ac4 A80F      		add r26,r24
 1664 0ac6 A093 0000 		sts OSPrioHighRdy,r26
 1665 0aca A093 0000 		sts OSPrioCur,r26
 1666 0ace B0E0      		ldi r27,lo8(0)
 1667 0ad0 AA0F      		lsl r26
 1668 0ad2 BB1F      		rol r27
 1669 0ad4 A050      		subi r26,lo8(-(OSTCBPrioTbl))
 1670 0ad6 B040      		sbci r27,hi8(-(OSTCBPrioTbl))
 1671 0ad8 8D91      		ld r24,X+
 1672 0ada 9C91      		ld r25,X
 1673 0adc 9093 0000 		sts (OSTCBHighRdy)+1,r25
 1674 0ae0 8093 0000 		sts OSTCBHighRdy,r24
 1675 0ae4 9093 0000 		sts (OSTCBCur)+1,r25
 1676 0ae8 8093 0000 		sts OSTCBCur,r24
 1677 0aec 0E94 0000 		call OSStartHighRdy
 1678 0af0 0895      		ret
 1679               		.size	OSStart, .-OSStart
 1680               	.global	OSIntExit
 1681               		.type	OSIntExit, @function
 1682               	OSIntExit:
 1683               	/* prologue: function */
 1684               	/* frame size = 0 */
 1685 0af2 8091 0000 		lds r24,OSRunning
 1686 0af6 8130      		cpi r24,lo8(1)
 1687 0af8 01F0      		breq .L152
 1688 0afa 0895      		ret
 1689               	.L152:
 1690               	/* #APP */
 1691               	 ;  180 "/home/linuxusers/ucos-II/software/uCOS-II/Source/os_core.c" 1
 1692 0afc F894      		cli
 1693               	 ;  0 "" 2
 1694               	/* #NOAPP */
 1695 0afe 8091 0000 		lds r24,OSIntNesting
 1696 0b02 8823      		tst r24
 1697 0b04 01F0      		breq .L149
 1698 0b06 8150      		subi r24,lo8(-(-1))
 1699 0b08 8093 0000 		sts OSIntNesting,r24
 1700 0b0c 8823      		tst r24
 1701 0b0e 01F0      		breq .L149
 1702               	.L150:
 1703               	/* #APP */
 1704               	 ;  193 "/home/linuxusers/ucos-II/software/uCOS-II/Source/os_core.c" 1
 1705 0b10 7894      		sei
 1706               	 ;  0 "" 2
 1707               	/* #NOAPP */
 1708 0b12 0895      		ret
 1709               	.L149:
 1710 0b14 8091 0000 		lds r24,OSLockNesting
GAS LISTING /tmp/cctZ2GKG.s 			page 31


 1711 0b18 8823      		tst r24
 1712 0b1a 01F4      		brne .L150
 1713 0b1c E091 0000 		lds r30,OSRdyGrp
 1714 0b20 F0E0      		ldi r31,lo8(0)
 1715 0b22 E050      		subi r30,lo8(-(OSUnMapTbl))
 1716 0b24 F040      		sbci r31,hi8(-(OSUnMapTbl))
 1717 0b26 8081      		ld r24,Z
 1718 0b28 8093 0000 		sts OSIntExitY,r24
 1719 0b2c E82F      		mov r30,r24
 1720 0b2e F0E0      		ldi r31,lo8(0)
 1721 0b30 E050      		subi r30,lo8(-(OSRdyTbl))
 1722 0b32 F040      		sbci r31,hi8(-(OSRdyTbl))
 1723 0b34 E081      		ld r30,Z
 1724 0b36 F0E0      		ldi r31,lo8(0)
 1725 0b38 E050      		subi r30,lo8(-(OSUnMapTbl))
 1726 0b3a F040      		sbci r31,hi8(-(OSUnMapTbl))
 1727 0b3c 982F      		mov r25,r24
 1728 0b3e 990F      		lsl r25
 1729 0b40 990F      		lsl r25
 1730 0b42 990F      		lsl r25
 1731 0b44 8081      		ld r24,Z
 1732 0b46 980F      		add r25,r24
 1733 0b48 9093 0000 		sts OSPrioHighRdy,r25
 1734 0b4c 8091 0000 		lds r24,OSPrioCur
 1735 0b50 9817      		cp r25,r24
 1736 0b52 01F0      		breq .L150
 1737 0b54 E92F      		mov r30,r25
 1738 0b56 F0E0      		ldi r31,lo8(0)
 1739 0b58 EE0F      		lsl r30
 1740 0b5a FF1F      		rol r31
 1741 0b5c E050      		subi r30,lo8(-(OSTCBPrioTbl))
 1742 0b5e F040      		sbci r31,hi8(-(OSTCBPrioTbl))
 1743 0b60 8081      		ld r24,Z
 1744 0b62 9181      		ldd r25,Z+1
 1745 0b64 9093 0000 		sts (OSTCBHighRdy)+1,r25
 1746 0b68 8093 0000 		sts OSTCBHighRdy,r24
 1747 0b6c 8091 0000 		lds r24,OSCtxSwCtr
 1748 0b70 9091 0000 		lds r25,(OSCtxSwCtr)+1
 1749 0b74 A091 0000 		lds r26,(OSCtxSwCtr)+2
 1750 0b78 B091 0000 		lds r27,(OSCtxSwCtr)+3
 1751 0b7c 0196      		adiw r24,1
 1752 0b7e A11D      		adc r26,__zero_reg__
 1753 0b80 B11D      		adc r27,__zero_reg__
 1754 0b82 8093 0000 		sts OSCtxSwCtr,r24
 1755 0b86 9093 0000 		sts (OSCtxSwCtr)+1,r25
 1756 0b8a A093 0000 		sts (OSCtxSwCtr)+2,r26
 1757 0b8e B093 0000 		sts (OSCtxSwCtr)+3,r27
 1758 0b92 0E94 0000 		call OSIntCtxSw
 1759 0b96 00C0      		rjmp .L150
 1760               		.size	OSIntExit, .-OSIntExit
 1761               	.global	OSInit
 1762               		.type	OSInit, @function
 1763               	OSInit:
 1764               	/* prologue: function */
 1765               	/* frame size = 0 */
 1766 0b98 0E94 0000 		call OSInitHookBegin
 1767 0b9c 1092 0000 		sts OSIntNesting,__zero_reg__
GAS LISTING /tmp/cctZ2GKG.s 			page 32


 1768 0ba0 1092 0000 		sts OSLockNesting,__zero_reg__
 1769 0ba4 1092 0000 		sts OSTaskCtr,__zero_reg__
 1770 0ba8 1092 0000 		sts OSRunning,__zero_reg__
 1771 0bac 1092 0000 		sts OSCtxSwCtr,__zero_reg__
 1772 0bb0 1092 0000 		sts (OSCtxSwCtr)+1,__zero_reg__
 1773 0bb4 1092 0000 		sts (OSCtxSwCtr)+2,__zero_reg__
 1774 0bb8 1092 0000 		sts (OSCtxSwCtr)+3,__zero_reg__
 1775 0bbc 1092 0000 		sts OSIdleCtr,__zero_reg__
 1776 0bc0 1092 0000 		sts (OSIdleCtr)+1,__zero_reg__
 1777 0bc4 1092 0000 		sts (OSIdleCtr)+2,__zero_reg__
 1778 0bc8 1092 0000 		sts (OSIdleCtr)+3,__zero_reg__
 1779 0bcc 1092 0000 		sts OSRdyGrp,__zero_reg__
 1780 0bd0 1092 0000 		sts OSRdyTbl,__zero_reg__
 1781 0bd4 1092 0000 		sts OSRdyTbl+1,__zero_reg__
 1782 0bd8 1092 0000 		sts OSPrioCur,__zero_reg__
 1783 0bdc 1092 0000 		sts OSPrioHighRdy,__zero_reg__
 1784 0be0 1092 0000 		sts (OSTCBHighRdy)+1,__zero_reg__
 1785 0be4 1092 0000 		sts OSTCBHighRdy,__zero_reg__
 1786 0be8 1092 0000 		sts (OSTCBCur)+1,__zero_reg__
 1787 0bec 1092 0000 		sts OSTCBCur,__zero_reg__
 1788 0bf0 1092 0000 		sts (OSTCBList)+1,__zero_reg__
 1789 0bf4 1092 0000 		sts OSTCBList,__zero_reg__
 1790 0bf8 E0E0      		ldi r30,lo8(OSTCBPrioTbl)
 1791 0bfa F0E0      		ldi r31,hi8(OSTCBPrioTbl)
 1792               	.L154:
 1793 0bfc 1192      		st Z+,__zero_reg__
 1794 0bfe 1192      		st Z+,__zero_reg__
 1795 0c00 20E0      		ldi r18,hi8(OSTCBPrioTbl+26)
 1796 0c02 E030      		cpi r30,lo8(OSTCBPrioTbl+26)
 1797 0c04 F207      		cpc r31,r18
 1798 0c06 01F4      		brne .L154
 1799 0c08 80E0      		ldi r24,lo8(OSTCBTbl+17)
 1800 0c0a 90E0      		ldi r25,hi8(OSTCBTbl+17)
 1801               	.L155:
 1802 0c0c FC01      		movw r30,r24
 1803 0c0e 3F97      		sbiw r30,15
 1804 0c10 9183      		std Z+1,r25
 1805 0c12 8083      		st Z,r24
 1806 0c14 4196      		adiw r24,17
 1807 0c16 20E0      		ldi r18,hi8(OSTCBTbl+221)
 1808 0c18 8030      		cpi r24,lo8(OSTCBTbl+221)
 1809 0c1a 9207      		cpc r25,r18
 1810 0c1c 01F4      		brne .L155
 1811 0c1e 1092 0000 		sts (OSTCBTbl+206)+1,__zero_reg__
 1812 0c22 1092 0000 		sts OSTCBTbl+206,__zero_reg__
 1813 0c26 80E0      		ldi r24,lo8(OSTCBTbl)
 1814 0c28 90E0      		ldi r25,hi8(OSTCBTbl)
 1815 0c2a 9093 0000 		sts (OSTCBFreeList)+1,r25
 1816 0c2e 8093 0000 		sts OSTCBFreeList,r24
 1817 0c32 1092 0000 		sts OSEventTbl,__zero_reg__
 1818 0c36 80E0      		ldi r24,lo8(OSEventTbl+8)
 1819 0c38 90E0      		ldi r25,hi8(OSEventTbl+8)
 1820 0c3a 9093 0000 		sts (OSEventTbl+4)+1,r25
 1821 0c3e 8093 0000 		sts OSEventTbl+4,r24
 1822 0c42 1092 0000 		sts OSEventTbl+8,__zero_reg__
 1823 0c46 0896      		adiw r24,8
 1824 0c48 9093 0000 		sts (OSEventTbl+12)+1,r25
GAS LISTING /tmp/cctZ2GKG.s 			page 33


 1825 0c4c 8093 0000 		sts OSEventTbl+12,r24
 1826 0c50 4097      		sbiw r24,16
 1827 0c52 1092 0000 		sts OSEventTbl+16,__zero_reg__
 1828 0c56 1092 0000 		sts (OSEventTbl+20)+1,__zero_reg__
 1829 0c5a 1092 0000 		sts OSEventTbl+20,__zero_reg__
 1830 0c5e 9093 0000 		sts (OSEventFreeList)+1,r25
 1831 0c62 8093 0000 		sts OSEventFreeList,r24
 1832 0c66 80E0      		ldi r24,lo8(gs(OS_TaskIdle))
 1833 0c68 90E0      		ldi r25,hi8(gs(OS_TaskIdle))
 1834 0c6a 60E0      		ldi r22,lo8(0)
 1835 0c6c 70E0      		ldi r23,hi8(0)
 1836 0c6e 40E0      		ldi r20,lo8(OSTaskIdleStk+127)
 1837 0c70 50E0      		ldi r21,hi8(OSTaskIdleStk+127)
 1838 0c72 2CE0      		ldi r18,lo8(12)
 1839 0c74 0E94 0000 		call OSTaskCreate
 1840 0c78 80E0      		ldi r24,lo8(gs(OS_TaskStat))
 1841 0c7a 90E0      		ldi r25,hi8(gs(OS_TaskStat))
 1842 0c7c 60E0      		ldi r22,lo8(0)
 1843 0c7e 70E0      		ldi r23,hi8(0)
 1844 0c80 40E0      		ldi r20,lo8(OSTaskStatStk+127)
 1845 0c82 50E0      		ldi r21,hi8(OSTaskStatStk+127)
 1846 0c84 2BE0      		ldi r18,lo8(11)
 1847 0c86 0E94 0000 		call OSTaskCreate
 1848 0c8a 0E94 0000 		call OSInitHookEnd
 1849               	/* epilogue start */
 1850 0c8e 0895      		ret
 1851               		.size	OSInit, .-OSInit
 1852               	.global	OSMapTbl
 1853               		.data
 1854               		.type	OSMapTbl, @object
 1855               		.size	OSMapTbl, 8
 1856               	OSMapTbl:
 1857 0000 01        		.byte	1
 1858 0001 02        		.byte	2
 1859 0002 04        		.byte	4
 1860 0003 08        		.byte	8
 1861 0004 10        		.byte	16
 1862 0005 20        		.byte	32
 1863 0006 40        		.byte	64
 1864 0007 80        		.byte	-128
 1865               	.global	OSUnMapTbl
 1866               		.type	OSUnMapTbl, @object
 1867               		.size	OSUnMapTbl, 256
 1868               	OSUnMapTbl:
 1869 0008 00        		.byte	0
 1870 0009 00        		.byte	0
 1871 000a 01        		.byte	1
 1872 000b 00        		.byte	0
 1873 000c 02        		.byte	2
 1874 000d 00        		.byte	0
 1875 000e 01        		.byte	1
 1876 000f 00        		.byte	0
 1877 0010 03        		.byte	3
 1878 0011 00        		.byte	0
 1879 0012 01        		.byte	1
 1880 0013 00        		.byte	0
 1881 0014 02        		.byte	2
GAS LISTING /tmp/cctZ2GKG.s 			page 34


 1882 0015 00        		.byte	0
 1883 0016 01        		.byte	1
 1884 0017 00        		.byte	0
 1885 0018 04        		.byte	4
 1886 0019 00        		.byte	0
 1887 001a 01        		.byte	1
 1888 001b 00        		.byte	0
 1889 001c 02        		.byte	2
 1890 001d 00        		.byte	0
 1891 001e 01        		.byte	1
 1892 001f 00        		.byte	0
 1893 0020 03        		.byte	3
 1894 0021 00        		.byte	0
 1895 0022 01        		.byte	1
 1896 0023 00        		.byte	0
 1897 0024 02        		.byte	2
 1898 0025 00        		.byte	0
 1899 0026 01        		.byte	1
 1900 0027 00        		.byte	0
 1901 0028 05        		.byte	5
 1902 0029 00        		.byte	0
 1903 002a 01        		.byte	1
 1904 002b 00        		.byte	0
 1905 002c 02        		.byte	2
 1906 002d 00        		.byte	0
 1907 002e 01        		.byte	1
 1908 002f 00        		.byte	0
 1909 0030 03        		.byte	3
 1910 0031 00        		.byte	0
 1911 0032 01        		.byte	1
 1912 0033 00        		.byte	0
 1913 0034 02        		.byte	2
 1914 0035 00        		.byte	0
 1915 0036 01        		.byte	1
 1916 0037 00        		.byte	0
 1917 0038 04        		.byte	4
 1918 0039 00        		.byte	0
 1919 003a 01        		.byte	1
 1920 003b 00        		.byte	0
 1921 003c 02        		.byte	2
 1922 003d 00        		.byte	0
 1923 003e 01        		.byte	1
 1924 003f 00        		.byte	0
 1925 0040 03        		.byte	3
 1926 0041 00        		.byte	0
 1927 0042 01        		.byte	1
 1928 0043 00        		.byte	0
 1929 0044 02        		.byte	2
 1930 0045 00        		.byte	0
 1931 0046 01        		.byte	1
 1932 0047 00        		.byte	0
 1933 0048 06        		.byte	6
 1934 0049 00        		.byte	0
 1935 004a 01        		.byte	1
 1936 004b 00        		.byte	0
 1937 004c 02        		.byte	2
 1938 004d 00        		.byte	0
GAS LISTING /tmp/cctZ2GKG.s 			page 35


 1939 004e 01        		.byte	1
 1940 004f 00        		.byte	0
 1941 0050 03        		.byte	3
 1942 0051 00        		.byte	0
 1943 0052 01        		.byte	1
 1944 0053 00        		.byte	0
 1945 0054 02        		.byte	2
 1946 0055 00        		.byte	0
 1947 0056 01        		.byte	1
 1948 0057 00        		.byte	0
 1949 0058 04        		.byte	4
 1950 0059 00        		.byte	0
 1951 005a 01        		.byte	1
 1952 005b 00        		.byte	0
 1953 005c 02        		.byte	2
 1954 005d 00        		.byte	0
 1955 005e 01        		.byte	1
 1956 005f 00        		.byte	0
 1957 0060 03        		.byte	3
 1958 0061 00        		.byte	0
 1959 0062 01        		.byte	1
 1960 0063 00        		.byte	0
 1961 0064 02        		.byte	2
 1962 0065 00        		.byte	0
 1963 0066 01        		.byte	1
 1964 0067 00        		.byte	0
 1965 0068 05        		.byte	5
 1966 0069 00        		.byte	0
 1967 006a 01        		.byte	1
 1968 006b 00        		.byte	0
 1969 006c 02        		.byte	2
 1970 006d 00        		.byte	0
 1971 006e 01        		.byte	1
 1972 006f 00        		.byte	0
 1973 0070 03        		.byte	3
 1974 0071 00        		.byte	0
 1975 0072 01        		.byte	1
 1976 0073 00        		.byte	0
 1977 0074 02        		.byte	2
 1978 0075 00        		.byte	0
 1979 0076 01        		.byte	1
 1980 0077 00        		.byte	0
 1981 0078 04        		.byte	4
 1982 0079 00        		.byte	0
 1983 007a 01        		.byte	1
 1984 007b 00        		.byte	0
 1985 007c 02        		.byte	2
 1986 007d 00        		.byte	0
 1987 007e 01        		.byte	1
 1988 007f 00        		.byte	0
 1989 0080 03        		.byte	3
 1990 0081 00        		.byte	0
 1991 0082 01        		.byte	1
 1992 0083 00        		.byte	0
 1993 0084 02        		.byte	2
 1994 0085 00        		.byte	0
 1995 0086 01        		.byte	1
GAS LISTING /tmp/cctZ2GKG.s 			page 36


 1996 0087 00        		.byte	0
 1997 0088 07        		.byte	7
 1998 0089 00        		.byte	0
 1999 008a 01        		.byte	1
 2000 008b 00        		.byte	0
 2001 008c 02        		.byte	2
 2002 008d 00        		.byte	0
 2003 008e 01        		.byte	1
 2004 008f 00        		.byte	0
 2005 0090 03        		.byte	3
 2006 0091 00        		.byte	0
 2007 0092 01        		.byte	1
 2008 0093 00        		.byte	0
 2009 0094 02        		.byte	2
 2010 0095 00        		.byte	0
 2011 0096 01        		.byte	1
 2012 0097 00        		.byte	0
 2013 0098 04        		.byte	4
 2014 0099 00        		.byte	0
 2015 009a 01        		.byte	1
 2016 009b 00        		.byte	0
 2017 009c 02        		.byte	2
 2018 009d 00        		.byte	0
 2019 009e 01        		.byte	1
 2020 009f 00        		.byte	0
 2021 00a0 03        		.byte	3
 2022 00a1 00        		.byte	0
 2023 00a2 01        		.byte	1
 2024 00a3 00        		.byte	0
 2025 00a4 02        		.byte	2
 2026 00a5 00        		.byte	0
 2027 00a6 01        		.byte	1
 2028 00a7 00        		.byte	0
 2029 00a8 05        		.byte	5
 2030 00a9 00        		.byte	0
 2031 00aa 01        		.byte	1
 2032 00ab 00        		.byte	0
 2033 00ac 02        		.byte	2
 2034 00ad 00        		.byte	0
 2035 00ae 01        		.byte	1
 2036 00af 00        		.byte	0
 2037 00b0 03        		.byte	3
 2038 00b1 00        		.byte	0
 2039 00b2 01        		.byte	1
 2040 00b3 00        		.byte	0
 2041 00b4 02        		.byte	2
 2042 00b5 00        		.byte	0
 2043 00b6 01        		.byte	1
 2044 00b7 00        		.byte	0
 2045 00b8 04        		.byte	4
 2046 00b9 00        		.byte	0
 2047 00ba 01        		.byte	1
 2048 00bb 00        		.byte	0
 2049 00bc 02        		.byte	2
 2050 00bd 00        		.byte	0
 2051 00be 01        		.byte	1
 2052 00bf 00        		.byte	0
GAS LISTING /tmp/cctZ2GKG.s 			page 37


 2053 00c0 03        		.byte	3
 2054 00c1 00        		.byte	0
 2055 00c2 01        		.byte	1
 2056 00c3 00        		.byte	0
 2057 00c4 02        		.byte	2
 2058 00c5 00        		.byte	0
 2059 00c6 01        		.byte	1
 2060 00c7 00        		.byte	0
 2061 00c8 06        		.byte	6
 2062 00c9 00        		.byte	0
 2063 00ca 01        		.byte	1
 2064 00cb 00        		.byte	0
 2065 00cc 02        		.byte	2
 2066 00cd 00        		.byte	0
 2067 00ce 01        		.byte	1
 2068 00cf 00        		.byte	0
 2069 00d0 03        		.byte	3
 2070 00d1 00        		.byte	0
 2071 00d2 01        		.byte	1
 2072 00d3 00        		.byte	0
 2073 00d4 02        		.byte	2
 2074 00d5 00        		.byte	0
 2075 00d6 01        		.byte	1
 2076 00d7 00        		.byte	0
 2077 00d8 04        		.byte	4
 2078 00d9 00        		.byte	0
 2079 00da 01        		.byte	1
 2080 00db 00        		.byte	0
 2081 00dc 02        		.byte	2
 2082 00dd 00        		.byte	0
 2083 00de 01        		.byte	1
 2084 00df 00        		.byte	0
 2085 00e0 03        		.byte	3
 2086 00e1 00        		.byte	0
 2087 00e2 01        		.byte	1
 2088 00e3 00        		.byte	0
 2089 00e4 02        		.byte	2
 2090 00e5 00        		.byte	0
 2091 00e6 01        		.byte	1
 2092 00e7 00        		.byte	0
 2093 00e8 05        		.byte	5
 2094 00e9 00        		.byte	0
 2095 00ea 01        		.byte	1
 2096 00eb 00        		.byte	0
 2097 00ec 02        		.byte	2
 2098 00ed 00        		.byte	0
 2099 00ee 01        		.byte	1
 2100 00ef 00        		.byte	0
 2101 00f0 03        		.byte	3
 2102 00f1 00        		.byte	0
 2103 00f2 01        		.byte	1
 2104 00f3 00        		.byte	0
 2105 00f4 02        		.byte	2
 2106 00f5 00        		.byte	0
 2107 00f6 01        		.byte	1
 2108 00f7 00        		.byte	0
 2109 00f8 04        		.byte	4
GAS LISTING /tmp/cctZ2GKG.s 			page 38


 2110 00f9 00        		.byte	0
 2111 00fa 01        		.byte	1
 2112 00fb 00        		.byte	0
 2113 00fc 02        		.byte	2
 2114 00fd 00        		.byte	0
 2115 00fe 01        		.byte	1
 2116 00ff 00        		.byte	0
 2117 0100 03        		.byte	3
 2118 0101 00        		.byte	0
 2119 0102 01        		.byte	1
 2120 0103 00        		.byte	0
 2121 0104 02        		.byte	2
 2122 0105 00        		.byte	0
 2123 0106 01        		.byte	1
 2124 0107 00        		.byte	0
 2125               		.comm OSCtxSwCtr,4,1
 2126               		.comm OSEventFreeList,2,1
 2127               		.comm OSEventTbl,24,1
 2128               		.comm OSCPUUsage,1,1
 2129               		.comm OSIdleCtrMax,4,1
 2130               		.comm OSIdleCtrRun,4,1
 2131               		.comm OSStatRdy,1,1
 2132               		.comm OSTaskStatStk,128,1
 2133               		.comm OSIntNesting,1,1
 2134               		.comm OSIntExitY,1,1
 2135               		.comm OSLockNesting,1,1
 2136               		.comm OSPrioCur,1,1
 2137               		.comm OSPrioHighRdy,1,1
 2138               		.comm OSRdyGrp,1,1
 2139               		.comm OSRdyTbl,2,1
 2140               		.comm OSRunning,1,1
 2141               		.comm OSTaskCtr,1,1
 2142               		.comm OSIdleCtr,4,1
 2143               		.comm OSTaskIdleStk,128,1
 2144               		.comm OSTCBCur,2,1
 2145               		.comm OSTCBFreeList,2,1
 2146               		.comm OSTCBHighRdy,2,1
 2147               		.comm OSTCBList,2,1
 2148               		.comm OSTCBPrioTbl,26,1
 2149               		.comm OSTCBTbl,221,1
GAS LISTING /tmp/cctZ2GKG.s 			page 39


DEFINED SYMBOLS
                            *ABS*:00000000 ucos_ii.c
     /tmp/cctZ2GKG.s:2      *ABS*:0000003f __SREG__
     /tmp/cctZ2GKG.s:3      *ABS*:0000003e __SP_H__
     /tmp/cctZ2GKG.s:4      *ABS*:0000003d __SP_L__
     /tmp/cctZ2GKG.s:5      *ABS*:00000034 __CCP__
     /tmp/cctZ2GKG.s:6      *ABS*:00000000 __tmp_reg__
     /tmp/cctZ2GKG.s:7      *ABS*:00000001 __zero_reg__
     /tmp/cctZ2GKG.s:13     .text:00000000 OSIntEnter
                            *COM*:00000001 OSRunning
                            *COM*:00000001 OSIntNesting
     /tmp/cctZ2GKG.s:31     .text:0000001a OSSchedLock
                            *COM*:00000001 OSLockNesting
     /tmp/cctZ2GKG.s:59     .text:00000038 OSVersion
     /tmp/cctZ2GKG.s:69     .text:0000003e OS_Dummy
     /tmp/cctZ2GKG.s:77     .text:00000040 OS_EventTaskRdy
     /tmp/cctZ2GKG.s:1868   .data:00000008 OSUnMapTbl
     /tmp/cctZ2GKG.s:1856   .data:00000000 OSMapTbl
                            *COM*:0000001a OSTCBPrioTbl
                            *COM*:00000001 OSRdyGrp
                            *COM*:00000002 OSRdyTbl
     /tmp/cctZ2GKG.s:168    .text:000000e8 OS_EventTaskWait
                            *COM*:00000002 OSTCBCur
     /tmp/cctZ2GKG.s:226    .text:00000152 OS_EventTO
     /tmp/cctZ2GKG.s:271    .text:000001a0 OS_EventWaitListInit
     /tmp/cctZ2GKG.s:283    .text:000001aa OSSemCreate
                            *COM*:00000002 OSEventFreeList
     /tmp/cctZ2GKG.s:332    .text:000001f2 OSTaskDelReq
     /tmp/cctZ2GKG.s:388    .text:0000022e OS_TCBInit
                            *COM*:00000002 OSTCBFreeList
                            *COM*:00000002 OSTCBList
     /tmp/cctZ2GKG.s:508    .text:000002fc OS_TaskIdle
                            *COM*:00000004 OSIdleCtr
     /tmp/cctZ2GKG.s:538    .text:0000032c OS_Sched
                            *COM*:00000001 OSPrioHighRdy
                            *COM*:00000001 OSPrioCur
                            *COM*:00000002 OSTCBHighRdy
                            *COM*:00000004 OSCtxSwCtr
     /tmp/cctZ2GKG.s:609    .text:000003ba OSTimeDly
     /tmp/cctZ2GKG.s:660    .text:0000040a OSTimeDlyHMSM
     /tmp/cctZ2GKG.s:814    .text:0000052c OS_TaskStat
                            *COM*:00000001 OSStatRdy
                            *COM*:00000004 OSIdleCtrMax
                            *COM*:00000001 OSCPUUsage
                            *COM*:00000004 OSIdleCtrRun
     /tmp/cctZ2GKG.s:916    .text:00000616 OSStatInit
     /tmp/cctZ2GKG.s:964    .text:00000666 OSTaskDel
                            *COM*:00000001 OSTaskCtr
     /tmp/cctZ2GKG.s:1147   .text:000007ac OSTaskCreate
     /tmp/cctZ2GKG.s:1263   .text:00000854 OSSemPost
     /tmp/cctZ2GKG.s:1316   .text:00000892 OSSemPend
     /tmp/cctZ2GKG.s:1503   .text:000009ce OSSchedUnlock
     /tmp/cctZ2GKG.s:1551   .text:00000a04 OSTimeTick
     /tmp/cctZ2GKG.s:1639   .text:00000a98 OSStart
     /tmp/cctZ2GKG.s:1682   .text:00000af2 OSIntExit
                            *COM*:00000001 OSIntExitY
     /tmp/cctZ2GKG.s:1763   .text:00000b98 OSInit
GAS LISTING /tmp/cctZ2GKG.s 			page 40


                            *COM*:000000dd OSTCBTbl
                            *COM*:00000018 OSEventTbl
                            *COM*:00000080 OSTaskIdleStk
                            *COM*:00000080 OSTaskStatStk

UNDEFINED SYMBOLS
__do_copy_data
__do_clear_bss
OSTCBInitHook
OSTaskCreateHook
OSTaskIdleHook
OSCtxSw
__mulsi3
__udivmodsi4
OSTaskStatHook
OSTaskDelHook
OSTaskStkInit
OSTimeTickHook
OSStartHighRdy
OSIntCtxSw
OSInitHookBegin
OSInitHookEnd
